#
# There is insufficient memory for the Java Runtime Environment to continue.
# Native memory allocation (mmap) failed to map 238026752 bytes for G1 virtual space
# Possible reasons:
#   The system is out of physical RAM or swap space
#   The process is running with CompressedOops enabled, and the Java Heap may be blocking the growth of the native heap
# Possible solutions:
#   Reduce memory load on the system
#   Increase physical memory or swap space
#   Check if swap backing store is full
#   Decrease Java heap size (-Xmx/-Xms)
#   Decrease number of Java threads
#   Decrease Java thread stack sizes (-Xss)
#   Set larger code cache with -XX:ReservedCodeCacheSize=
#   JVM is running with Unscaled Compressed Oops mode in which the Java heap is
#     placed in the first 4GB address space. The Java Heap base address is the
#     maximum limit for the native heap growth. Please use -XX:HeapBaseMinAddress
#     to set the Java Heap base and to place the Java Heap above 4GB virtual address.
# This output file may be truncated or incomplete.
#
#  Out of Memory Error (os_windows.cpp:3559), pid=24856, tid=1732
#
# JRE version: OpenJDK Runtime Environment Temurin-17.0.7+7 (17.0.7+7) (build 17.0.7+7)
# Java VM: OpenJDK 64-Bit Server VM Temurin-17.0.7+7 (17.0.7+7, mixed mode, tiered, compressed oops, compressed class ptrs, g1 gc, windows-amd64)
# No core dump will be written. Minidumps are not enabled by default on client versions of Windows
#

---------------  S U M M A R Y ------------

Command Line: -Dfile.encoding=UTF-8 -XX:+ShowCodeDetailsInExceptionMessages default1.Inicio

Host: 11th Gen Intel(R) Core(TM) i3-1115G4 @ 3.00GHz, 4 cores, 7G,  Windows 11 , 64 bit Build 22000 (10.0.22000.2360)
Time: Mon Oct 23 16:11:25 2023 Hora estándar de Argentina elapsed time: 0.994421 seconds (0d 0h 0m 0s)

---------------  T H R E A D  ---------------

Current thread (0x00000241c54f9080):  VMThread "VM Thread" [stack: 0x0000004552600000,0x0000004552700000] [id=1732]

Stack: [0x0000004552600000,0x0000004552700000]
Native frames: (J=compiled Java code, j=interpreted, Vv=VM code, C=native code)
V  [jvm.dll+0x67754a]
V  [jvm.dll+0x834304]
V  [jvm.dll+0x835aae]
V  [jvm.dll+0x836113]
V  [jvm.dll+0x24696f]
V  [jvm.dll+0x6743f9]
V  [jvm.dll+0x668c8a]
V  [jvm.dll+0x3061bb]
V  [jvm.dll+0x30d6a6]
V  [jvm.dll+0x35cece]
V  [jvm.dll+0x35d0ff]
V  [jvm.dll+0x2dd048]
V  [jvm.dll+0x2db20c]
V  [jvm.dll+0x2da7dc]
V  [jvm.dll+0x31e6db]
V  [jvm.dll+0x83a5bb]
V  [jvm.dll+0x83b2f4]
V  [jvm.dll+0x83b80c]
V  [jvm.dll+0x83bbe4]
V  [jvm.dll+0x83bcb0]
V  [jvm.dll+0x7e4e7a]
V  [jvm.dll+0x676395]
C  [ucrtbase.dll+0x26c0c]
C  [KERNEL32.DLL+0x153e0]
C  [ntdll.dll+0x485b]

VM_Operation (0x00000045536fd370): G1CollectForAllocation, mode: safepoint, requested by thread 0x00000241ca06ec50


---------------  P R O C E S S  ---------------

Threads class SMR info:
_java_thread_list=0x00000241ca0f4260, length=20, elements={
0x00000241c551b020, 0x00000241c551c170, 0x00000241c55396a0, 0x00000241c567a080,
0x00000241c567d7f0, 0x00000241c567e940, 0x00000241c56836d0, 0x00000241c5685fd0,
0x00000241c56990a0, 0x00000241c57ec9f0, 0x00000241c5805180, 0x00000241c5927c90,
0x00000241c5928730, 0x00000241c59294c0, 0x00000241ca06ec50, 0x00000241ac06bd60,
0x00000241ca0eb020, 0x00000241ca240c10, 0x00000241ca243760, 0x00000241ca242dc0
}

Java Threads: ( => current thread )
  0x00000241c551b020 JavaThread "Reference Handler" daemon [_thread_blocked, id=28780, stack(0x0000004552700000,0x0000004552800000)]
  0x00000241c551c170 JavaThread "Finalizer" daemon [_thread_blocked, id=21972, stack(0x0000004552800000,0x0000004552900000)]
  0x00000241c55396a0 JavaThread "Signal Dispatcher" daemon [_thread_blocked, id=8768, stack(0x0000004552900000,0x0000004552a00000)]
  0x00000241c567a080 JavaThread "Attach Listener" daemon [_thread_blocked, id=30712, stack(0x0000004552a00000,0x0000004552b00000)]
  0x00000241c567d7f0 JavaThread "Service Thread" daemon [_thread_blocked, id=8612, stack(0x0000004552b00000,0x0000004552c00000)]
  0x00000241c567e940 JavaThread "Monitor Deflation Thread" daemon [_thread_blocked, id=23224, stack(0x0000004552c00000,0x0000004552d00000)]
  0x00000241c56836d0 JavaThread "C2 CompilerThread0" daemon [_thread_blocked, id=28560, stack(0x0000004552d00000,0x0000004552e00000)]
  0x00000241c5685fd0 JavaThread "C1 CompilerThread0" daemon [_thread_blocked, id=28128, stack(0x0000004552e00000,0x0000004552f00000)]
  0x00000241c56990a0 JavaThread "Sweeper thread" daemon [_thread_blocked, id=34048, stack(0x0000004552f00000,0x0000004553000000)]
  0x00000241c57ec9f0 JavaThread "Notification Thread" daemon [_thread_blocked, id=1232, stack(0x0000004553000000,0x0000004553100000)]
  0x00000241c5805180 JavaThread "Common-Cleaner" daemon [_thread_blocked, id=33964, stack(0x0000004553200000,0x0000004553300000)]
  0x00000241c5927c90 JavaThread "Java2D Disposer" daemon [_thread_blocked, id=34080, stack(0x0000004553300000,0x0000004553400000)]
  0x00000241c5928730 JavaThread "AWT-Shutdown" [_thread_blocked, id=12028, stack(0x0000004553400000,0x0000004553500000)]
  0x00000241c59294c0 JavaThread "AWT-Windows" daemon [_thread_in_native, id=8984, stack(0x0000004553500000,0x0000004553600000)]
  0x00000241ca06ec50 JavaThread "AWT-EventQueue-0" [_thread_blocked, id=13740, stack(0x0000004553600000,0x0000004553700000)]
  0x00000241ac06bd60 JavaThread "DestroyJavaVM" [_thread_blocked, id=3340, stack(0x0000004552000000,0x0000004552100000)]
  0x00000241ca0eb020 JavaThread "Image Fetcher 0" daemon [_thread_blocked, id=33708, stack(0x0000004553700000,0x0000004553800000)]
  0x00000241ca240c10 JavaThread "Image Fetcher 1" daemon [_thread_blocked, id=34508, stack(0x0000004553900000,0x0000004553a00000)]
  0x00000241ca243760 JavaThread "Image Fetcher 2" daemon [_thread_blocked, id=31048, stack(0x0000004553a00000,0x0000004553b00000)]
  0x00000241ca242dc0 JavaThread "Image Fetcher 3" daemon [_thread_blocked, id=28772, stack(0x0000004553800000,0x0000004553900000)]

Other Threads:
=>0x00000241c54f9080 VMThread "VM Thread" [stack: 0x0000004552600000,0x0000004552700000] [id=1732]
  0x00000241c57f14e0 WatcherThread [stack: 0x0000004553100000,0x0000004553200000] [id=33860]
  0x00000241ac0c6210 GCTaskThread "GC Thread#0" [stack: 0x0000004552100000,0x0000004552200000] [id=24252]
  0x00000241ca41f590 GCTaskThread "GC Thread#1" [stack: 0x0000004553b00000,0x0000004553c00000] [id=29764]
  0x00000241ca4dd0d0 GCTaskThread "GC Thread#2" [stack: 0x0000004553c00000,0x0000004553d00000] [id=21196]
  0x00000241ca427c90 GCTaskThread "GC Thread#3" [stack: 0x0000004553d00000,0x0000004553e00000] [id=9032]
  0x00000241ac0d6df0 ConcurrentGCThread "G1 Main Marker" [stack: 0x0000004552200000,0x0000004552300000] [id=3852]
  0x00000241ac0d8fb0 ConcurrentGCThread "G1 Conc#0" [stack: 0x0000004552300000,0x0000004552400000] [id=30032]
  0x00000241ac13c730 ConcurrentGCThread "G1 Refine#0" [stack: 0x0000004552400000,0x0000004552500000] [id=17880]
  0x00000241ac13d8f0 ConcurrentGCThread "G1 Service" [stack: 0x0000004552500000,0x0000004552600000] [id=6644]

Threads with active compile tasks:

VM state: at safepoint (normal execution)

VM Mutex/Monitor currently owned by a thread:  ([mutex/lock_event])
[0x00000241ac067e40] Threads_lock - owner thread: 0x00000241c54f9080
[0x00000241ac067f60] Heap_lock - owner thread: 0x00000241ca06ec50

Heap address: 0x0000000085800000, size: 1960 MB, Compressed Oops mode: 32-bit

CDS archive(s) not mapped
Compressed class space mapped at: 0x0000000100000000-0x0000000140000000, reserved size: 1073741824
Narrow klass base: 0x0000000000000000, Narrow klass shift: 3, Narrow klass range: 0x140000000

GC Precious Log:
 CPUs: 4 total, 4 available
 Memory: 7834M
 Large Page Support: Disabled
 NUMA Support: Disabled
 Compressed Oops: Enabled (32-bit)
 Heap Region Size: 1M
 Heap Min Capacity: 8M
 Heap Initial Capacity: 124M
 Heap Max Capacity: 1960M
 Pre-touch: Disabled
 Parallel Workers: 4
 Concurrent Workers: 1
 Concurrent Refinement Workers: 4
 Periodic GC: Disabled

Heap:
 garbage-first heap   total 214016K, used 97353K [0x0000000085800000, 0x0000000100000000)
  region size 1024K, 2 young (2048K), 2 survivors (2048K)
 Metaspace       used 12568K, committed 12800K, reserved 1114112K
  class space    used 1230K, committed 1344K, reserved 1048576K

Heap Regions: E=young(eden), S=young(survivor), O=old, HS=humongous(starts), HC=humongous(continues), CS=collection set, F=free, OA=open archive, CA=closed archive, TAMS=top-at-mark-start (previous, next)
|   0|0x0000000085800000, 0x0000000085900000, 0x0000000085900000|100%|HS|  |TAMS 0x0000000085900000, 0x0000000085900000| Complete 
|   1|0x0000000085900000, 0x0000000085a00000, 0x0000000085a00000|100%|HC|  |TAMS 0x0000000085a00000, 0x0000000085a00000| Complete 
|   2|0x0000000085a00000, 0x0000000085b00000, 0x0000000085b00000|100%|HC|  |TAMS 0x0000000085b00000, 0x0000000085b00000| Complete 
|   3|0x0000000085b00000, 0x0000000085c00000, 0x0000000085c00000|100%|HC|  |TAMS 0x0000000085c00000, 0x0000000085c00000| Complete 
|   4|0x0000000085c00000, 0x0000000085c00000, 0x0000000085d00000|  0%| F|  |TAMS 0x0000000085c00000, 0x0000000085c00000| Untracked 
|   5|0x0000000085d00000, 0x0000000085d00000, 0x0000000085e00000|  0%| F|  |TAMS 0x0000000085d00000, 0x0000000085d00000| Untracked 
|   6|0x0000000085e00000, 0x0000000085f00000, 0x0000000085f00000|100%|HS|  |TAMS 0x0000000085f00000, 0x0000000085f00000| Complete 
|   7|0x0000000085f00000, 0x0000000086000000, 0x0000000086000000|100%|HC|  |TAMS 0x0000000086000000, 0x0000000086000000| Complete 
|   8|0x0000000086000000, 0x0000000086100000, 0x0000000086100000|100%|HS|  |TAMS 0x0000000086100000, 0x0000000086100000| Complete 
|   9|0x0000000086100000, 0x0000000086200000, 0x0000000086200000|100%|HC|  |TAMS 0x0000000086200000, 0x0000000086200000| Complete 
|  10|0x0000000086200000, 0x0000000086300000, 0x0000000086300000|100%|HS|  |TAMS 0x0000000086300000, 0x0000000086300000| Complete 
|  11|0x0000000086300000, 0x0000000086400000, 0x0000000086400000|100%|HC|  |TAMS 0x0000000086400000, 0x0000000086400000| Complete 
|  12|0x0000000086400000, 0x0000000086500000, 0x0000000086500000|100%|HS|  |TAMS 0x0000000086500000, 0x0000000086500000| Complete 
|  13|0x0000000086500000, 0x0000000086600000, 0x0000000086600000|100%|HC|  |TAMS 0x0000000086600000, 0x0000000086600000| Complete 
|  14|0x0000000086600000, 0x0000000086700000, 0x0000000086700000|100%|HS|  |TAMS 0x0000000086700000, 0x0000000086700000| Complete 
|  15|0x0000000086700000, 0x0000000086800000, 0x0000000086800000|100%|HC|  |TAMS 0x0000000086800000, 0x0000000086800000| Complete 
|  16|0x0000000086800000, 0x0000000086900000, 0x0000000086900000|100%|HS|  |TAMS 0x0000000086900000, 0x0000000086900000| Complete 
|  17|0x0000000086900000, 0x0000000086a00000, 0x0000000086a00000|100%|HC|  |TAMS 0x0000000086a00000, 0x0000000086a00000| Complete 
|  18|0x0000000086a00000, 0x0000000086b00000, 0x0000000086b00000|100%|HS|  |TAMS 0x0000000086b00000, 0x0000000086b00000| Complete 
|  19|0x0000000086b00000, 0x0000000086c00000, 0x0000000086c00000|100%|HC|  |TAMS 0x0000000086c00000, 0x0000000086c00000| Complete 
|  20|0x0000000086c00000, 0x0000000086d00000, 0x0000000086d00000|100%|HS|  |TAMS 0x0000000086d00000, 0x0000000086d00000| Complete 
|  21|0x0000000086d00000, 0x0000000086e00000, 0x0000000086e00000|100%|HC|  |TAMS 0x0000000086e00000, 0x0000000086e00000| Complete 
|  22|0x0000000086e00000, 0x0000000086f00000, 0x0000000086f00000|100%|HS|  |TAMS 0x0000000086f00000, 0x0000000086f00000| Complete 
|  23|0x0000000086f00000, 0x0000000087000000, 0x0000000087000000|100%|HC|  |TAMS 0x0000000087000000, 0x0000000087000000| Complete 
|  24|0x0000000087000000, 0x0000000087100000, 0x0000000087100000|100%|HS|  |TAMS 0x0000000087100000, 0x0000000087100000| Complete 
|  25|0x0000000087100000, 0x0000000087200000, 0x0000000087200000|100%|HC|  |TAMS 0x0000000087200000, 0x0000000087200000| Complete 
|  26|0x0000000087200000, 0x0000000087300000, 0x0000000087300000|100%|HS|  |TAMS 0x0000000087300000, 0x0000000087300000| Complete 
|  27|0x0000000087300000, 0x0000000087400000, 0x0000000087400000|100%|HC|  |TAMS 0x0000000087400000, 0x0000000087400000| Complete 
|  28|0x0000000087400000, 0x0000000087500000, 0x0000000087500000|100%|HS|  |TAMS 0x0000000087500000, 0x0000000087500000| Complete 
|  29|0x0000000087500000, 0x0000000087600000, 0x0000000087600000|100%|HC|  |TAMS 0x0000000087600000, 0x0000000087600000| Complete 
|  30|0x0000000087600000, 0x0000000087700000, 0x0000000087700000|100%|HS|  |TAMS 0x0000000087700000, 0x0000000087700000| Complete 
|  31|0x0000000087700000, 0x0000000087800000, 0x0000000087800000|100%|HC|  |TAMS 0x0000000087800000, 0x0000000087800000| Complete 
|  32|0x0000000087800000, 0x0000000087900000, 0x0000000087900000|100%|HS|  |TAMS 0x0000000087900000, 0x0000000087900000| Complete 
|  33|0x0000000087900000, 0x0000000087a00000, 0x0000000087a00000|100%|HC|  |TAMS 0x0000000087a00000, 0x0000000087a00000| Complete 
|  34|0x0000000087a00000, 0x0000000087b00000, 0x0000000087b00000|100%|HS|  |TAMS 0x0000000087b00000, 0x0000000087b00000| Complete 
|  35|0x0000000087b00000, 0x0000000087c00000, 0x0000000087c00000|100%|HC|  |TAMS 0x0000000087c00000, 0x0000000087c00000| Complete 
|  36|0x0000000087c00000, 0x0000000087d00000, 0x0000000087d00000|100%|HS|  |TAMS 0x0000000087d00000, 0x0000000087d00000| Complete 
|  37|0x0000000087d00000, 0x0000000087e00000, 0x0000000087e00000|100%|HC|  |TAMS 0x0000000087e00000, 0x0000000087e00000| Complete 
|  38|0x0000000087e00000, 0x0000000087f00000, 0x0000000087f00000|100%|HS|  |TAMS 0x0000000087f00000, 0x0000000087f00000| Complete 
|  39|0x0000000087f00000, 0x0000000088000000, 0x0000000088000000|100%|HC|  |TAMS 0x0000000088000000, 0x0000000088000000| Complete 
|  40|0x0000000088000000, 0x0000000088100000, 0x0000000088100000|100%|HS|  |TAMS 0x0000000088100000, 0x0000000088100000| Complete 
|  41|0x0000000088100000, 0x0000000088200000, 0x0000000088200000|100%|HC|  |TAMS 0x0000000088200000, 0x0000000088200000| Complete 
|  42|0x0000000088200000, 0x0000000088300000, 0x0000000088300000|100%|HS|  |TAMS 0x0000000088300000, 0x0000000088300000| Complete 
|  43|0x0000000088300000, 0x0000000088400000, 0x0000000088400000|100%|HC|  |TAMS 0x0000000088400000, 0x0000000088400000| Complete 
|  44|0x0000000088400000, 0x0000000088500000, 0x0000000088500000|100%|HS|  |TAMS 0x0000000088500000, 0x0000000088500000| Complete 
|  45|0x0000000088500000, 0x0000000088600000, 0x0000000088600000|100%|HC|  |TAMS 0x0000000088600000, 0x0000000088600000| Complete 
|  46|0x0000000088600000, 0x0000000088700000, 0x0000000088700000|100%|HS|  |TAMS 0x0000000088700000, 0x0000000088700000| Complete 
|  47|0x0000000088700000, 0x0000000088800000, 0x0000000088800000|100%|HC|  |TAMS 0x0000000088800000, 0x0000000088800000| Complete 
|  48|0x0000000088800000, 0x0000000088900000, 0x0000000088900000|100%|HS|  |TAMS 0x0000000088900000, 0x0000000088900000| Complete 
|  49|0x0000000088900000, 0x0000000088a00000, 0x0000000088a00000|100%|HC|  |TAMS 0x0000000088a00000, 0x0000000088a00000| Complete 
|  50|0x0000000088a00000, 0x0000000088b00000, 0x0000000088b00000|100%|HS|  |TAMS 0x0000000088b00000, 0x0000000088b00000| Complete 
|  51|0x0000000088b00000, 0x0000000088c00000, 0x0000000088c00000|100%|HC|  |TAMS 0x0000000088c00000, 0x0000000088c00000| Complete 
|  52|0x0000000088c00000, 0x0000000088d00000, 0x0000000088d00000|100%|HS|  |TAMS 0x0000000088d00000, 0x0000000088d00000| Complete 
|  53|0x0000000088d00000, 0x0000000088e00000, 0x0000000088e00000|100%|HC|  |TAMS 0x0000000088e00000, 0x0000000088e00000| Complete 
|  54|0x0000000088e00000, 0x0000000088f00000, 0x0000000088f00000|100%| O|  |TAMS 0x0000000088f00000, 0x0000000088f00000| Untracked 
|  55|0x0000000088f00000, 0x0000000088fa0400, 0x0000000089000000| 62%| O|  |TAMS 0x0000000088fa0400, 0x0000000088fa0400| Untracked 
|  56|0x0000000089000000, 0x0000000089100000, 0x0000000089100000|100%|HS|  |TAMS 0x0000000089100000, 0x0000000089100000| Complete 
|  57|0x0000000089100000, 0x0000000089200000, 0x0000000089200000|100%|HC|  |TAMS 0x0000000089200000, 0x0000000089200000| Complete 
|  58|0x0000000089200000, 0x0000000089300000, 0x0000000089300000|100%|HS|  |TAMS 0x0000000089300000, 0x0000000089300000| Complete 
|  59|0x0000000089300000, 0x0000000089400000, 0x0000000089400000|100%|HC|  |TAMS 0x0000000089400000, 0x0000000089400000| Complete 
|  60|0x0000000089400000, 0x0000000089500000, 0x0000000089500000|100%|HS|  |TAMS 0x0000000089500000, 0x0000000089500000| Complete 
|  61|0x0000000089500000, 0x0000000089600000, 0x0000000089600000|100%|HC|  |TAMS 0x0000000089600000, 0x0000000089600000| Complete 
|  62|0x0000000089600000, 0x0000000089700000, 0x0000000089700000|100%|HS|  |TAMS 0x0000000089700000, 0x0000000089700000| Complete 
|  63|0x0000000089700000, 0x0000000089800000, 0x0000000089800000|100%|HC|  |TAMS 0x0000000089800000, 0x0000000089800000| Complete 
|  64|0x0000000089800000, 0x0000000089900000, 0x0000000089900000|100%|HS|  |TAMS 0x0000000089900000, 0x0000000089900000| Complete 
|  65|0x0000000089900000, 0x0000000089a00000, 0x0000000089a00000|100%|HC|  |TAMS 0x0000000089a00000, 0x0000000089a00000| Complete 
|  66|0x0000000089a00000, 0x0000000089a00000, 0x0000000089b00000|  0%| F|  |TAMS 0x0000000089a00000, 0x0000000089a00000| Untracked 
|  67|0x0000000089b00000, 0x0000000089b00000, 0x0000000089c00000|  0%| F|  |TAMS 0x0000000089b00000, 0x0000000089b00000| Untracked 
|  68|0x0000000089c00000, 0x0000000089d00000, 0x0000000089d00000|100%|HS|  |TAMS 0x0000000089d00000, 0x0000000089d00000| Complete 
|  69|0x0000000089d00000, 0x0000000089e00000, 0x0000000089e00000|100%|HC|  |TAMS 0x0000000089e00000, 0x0000000089e00000| Complete 
|  70|0x0000000089e00000, 0x0000000089f00000, 0x0000000089f00000|100%|HS|  |TAMS 0x0000000089f00000, 0x0000000089f00000| Complete 
|  71|0x0000000089f00000, 0x000000008a000000, 0x000000008a000000|100%|HC|  |TAMS 0x000000008a000000, 0x000000008a000000| Complete 
|  72|0x000000008a000000, 0x000000008a100000, 0x000000008a100000|100%|HS|  |TAMS 0x000000008a100000, 0x000000008a100000| Complete 
|  73|0x000000008a100000, 0x000000008a200000, 0x000000008a200000|100%|HC|  |TAMS 0x000000008a200000, 0x000000008a200000| Complete 
|  74|0x000000008a200000, 0x000000008a200000, 0x000000008a300000|  0%| F|  |TAMS 0x000000008a200000, 0x000000008a200000| Untracked 
|  75|0x000000008a300000, 0x000000008a300000, 0x000000008a400000|  0%| F|  |TAMS 0x000000008a300000, 0x000000008a300000| Untracked 
|  76|0x000000008a400000, 0x000000008a500000, 0x000000008a500000|100%|HS|  |TAMS 0x000000008a500000, 0x000000008a500000| Complete 
|  77|0x000000008a500000, 0x000000008a600000, 0x000000008a600000|100%|HC|  |TAMS 0x000000008a600000, 0x000000008a600000| Complete 
|  78|0x000000008a600000, 0x000000008a700000, 0x000000008a700000|100%|HS|  |TAMS 0x000000008a700000, 0x000000008a700000| Complete 
|  79|0x000000008a700000, 0x000000008a800000, 0x000000008a800000|100%|HC|  |TAMS 0x000000008a800000, 0x000000008a800000| Complete 
|  80|0x000000008a800000, 0x000000008a900000, 0x000000008a900000|100%|HS|  |TAMS 0x000000008a900000, 0x000000008a900000| Complete 
|  81|0x000000008a900000, 0x000000008aa00000, 0x000000008aa00000|100%|HC|  |TAMS 0x000000008aa00000, 0x000000008aa00000| Complete 
|  82|0x000000008aa00000, 0x000000008ab00000, 0x000000008ab00000|100%|HS|  |TAMS 0x000000008ab00000, 0x000000008ab00000| Complete 
|  83|0x000000008ab00000, 0x000000008ac00000, 0x000000008ac00000|100%|HC|  |TAMS 0x000000008ac00000, 0x000000008ac00000| Complete 
|  84|0x000000008ac00000, 0x000000008ad00000, 0x000000008ad00000|100%|HS|  |TAMS 0x000000008ad00000, 0x000000008ad00000| Complete 
|  85|0x000000008ad00000, 0x000000008ae00000, 0x000000008ae00000|100%|HC|  |TAMS 0x000000008ae00000, 0x000000008ae00000| Complete 
|  86|0x000000008ae00000, 0x000000008af00000, 0x000000008af00000|100%|HS|  |TAMS 0x000000008ae00000, 0x000000008af00000| Complete 
|  87|0x000000008af00000, 0x000000008b000000, 0x000000008b000000|100%|HC|  |TAMS 0x000000008af00000, 0x000000008b000000| Complete 
|  88|0x000000008b000000, 0x000000008b000000, 0x000000008b100000|  0%| F|  |TAMS 0x000000008b000000, 0x000000008b000000| Untracked 
|  89|0x000000008b100000, 0x000000008b100000, 0x000000008b200000|  0%| F|  |TAMS 0x000000008b100000, 0x000000008b100000| Untracked 
|  90|0x000000008b200000, 0x000000008b300000, 0x000000008b300000|100%|HS|  |TAMS 0x000000008b200000, 0x000000008b300000| Complete 
|  91|0x000000008b300000, 0x000000008b400000, 0x000000008b400000|100%|HC|  |TAMS 0x000000008b300000, 0x000000008b400000| Complete 
|  92|0x000000008b400000, 0x000000008b500000, 0x000000008b500000|100%|HS|  |TAMS 0x000000008b400000, 0x000000008b500000| Complete 
|  93|0x000000008b500000, 0x000000008b600000, 0x000000008b600000|100%|HC|  |TAMS 0x000000008b500000, 0x000000008b600000| Complete 
|  94|0x000000008b600000, 0x000000008b700000, 0x000000008b700000|100%|HS|  |TAMS 0x000000008b600000, 0x000000008b700000| Complete 
|  95|0x000000008b700000, 0x000000008b800000, 0x000000008b800000|100%|HC|  |TAMS 0x000000008b700000, 0x000000008b800000| Complete 
|  96|0x000000008b800000, 0x000000008b900000, 0x000000008b900000|100%|HS|  |TAMS 0x000000008b800000, 0x000000008b900000| Complete 
|  97|0x000000008b900000, 0x000000008ba00000, 0x000000008ba00000|100%|HC|  |TAMS 0x000000008b900000, 0x000000008ba00000| Complete 
|  98|0x000000008ba00000, 0x000000008bb00000, 0x000000008bb00000|100%|HS|  |TAMS 0x000000008ba00000, 0x000000008bb00000| Complete 
|  99|0x000000008bb00000, 0x000000008bc00000, 0x000000008bc00000|100%|HC|  |TAMS 0x000000008bb00000, 0x000000008bc00000| Complete 
| 100|0x000000008bc00000, 0x000000008bd00000, 0x000000008bd00000|100%|HS|  |TAMS 0x000000008bc00000, 0x000000008bd00000| Complete 
| 101|0x000000008bd00000, 0x000000008be00000, 0x000000008be00000|100%|HC|  |TAMS 0x000000008bd00000, 0x000000008be00000| Complete 
| 102|0x000000008be00000, 0x000000008be00000, 0x000000008bf00000|  0%| F|  |TAMS 0x000000008be00000, 0x000000008be00000| Untracked 
| 103|0x000000008bf00000, 0x000000008bf00000, 0x000000008c000000|  0%| F|  |TAMS 0x000000008bf00000, 0x000000008bf00000| Untracked 
| 104|0x000000008c000000, 0x000000008c000000, 0x000000008c100000|  0%| F|  |TAMS 0x000000008c000000, 0x000000008c000000| Untracked 
| 105|0x000000008c100000, 0x000000008c100000, 0x000000008c200000|  0%| F|  |TAMS 0x000000008c100000, 0x000000008c100000| Untracked 
| 106|0x000000008c200000, 0x000000008c200000, 0x000000008c300000|  0%| F|  |TAMS 0x000000008c200000, 0x000000008c200000| Untracked 
| 107|0x000000008c300000, 0x000000008c300000, 0x000000008c400000|  0%| F|  |TAMS 0x000000008c300000, 0x000000008c300000| Untracked 
| 108|0x000000008c400000, 0x000000008c400000, 0x000000008c500000|  0%| F|  |TAMS 0x000000008c400000, 0x000000008c400000| Untracked 
| 109|0x000000008c500000, 0x000000008c500000, 0x000000008c600000|  0%| F|  |TAMS 0x000000008c500000, 0x000000008c500000| Untracked 
| 110|0x000000008c600000, 0x000000008c600000, 0x000000008c700000|  0%| F|  |TAMS 0x000000008c600000, 0x000000008c600000| Untracked 
| 111|0x000000008c700000, 0x000000008c700000, 0x000000008c800000|  0%| F|  |TAMS 0x000000008c700000, 0x000000008c700000| Untracked 
| 112|0x000000008c800000, 0x000000008c800000, 0x000000008c900000|  0%| F|  |TAMS 0x000000008c800000, 0x000000008c800000| Untracked 
| 113|0x000000008c900000, 0x000000008c900000, 0x000000008ca00000|  0%| F|  |TAMS 0x000000008c900000, 0x000000008c900000| Untracked 
| 114|0x000000008ca00000, 0x000000008ca00000, 0x000000008cb00000|  0%| F|  |TAMS 0x000000008ca00000, 0x000000008ca00000| Untracked 
| 115|0x000000008cb00000, 0x000000008cb00000, 0x000000008cc00000|  0%| F|  |TAMS 0x000000008cb00000, 0x000000008cb00000| Untracked 
| 116|0x000000008cc00000, 0x000000008cc00000, 0x000000008cd00000|  0%| F|  |TAMS 0x000000008cc00000, 0x000000008cc00000| Untracked 
| 117|0x000000008cd00000, 0x000000008cd00000, 0x000000008ce00000|  0%| F|  |TAMS 0x000000008cd00000, 0x000000008cd00000| Untracked 
| 118|0x000000008ce00000, 0x000000008ce00000, 0x000000008cf00000|  0%| F|  |TAMS 0x000000008ce00000, 0x000000008ce00000| Untracked 
| 119|0x000000008cf00000, 0x000000008cf00000, 0x000000008d000000|  0%| F|  |TAMS 0x000000008cf00000, 0x000000008cf00000| Untracked 
| 120|0x000000008d000000, 0x000000008d000000, 0x000000008d100000|  0%| F|  |TAMS 0x000000008d000000, 0x000000008d000000| Untracked 
| 121|0x000000008d100000, 0x000000008d100000, 0x000000008d200000|  0%| F|  |TAMS 0x000000008d100000, 0x000000008d100000| Untracked 
| 122|0x000000008d200000, 0x000000008d200000, 0x000000008d300000|  0%| F|  |TAMS 0x000000008d200000, 0x000000008d200000| Untracked 
| 123|0x000000008d300000, 0x000000008d300000, 0x000000008d400000|  0%| F|  |TAMS 0x000000008d300000, 0x000000008d300000| Untracked 
| 124|0x000000008d400000, 0x000000008d400000, 0x000000008d500000|  0%| F|  |TAMS 0x000000008d400000, 0x000000008d400000| Untracked 
| 125|0x000000008d500000, 0x000000008d500000, 0x000000008d600000|  0%| F|  |TAMS 0x000000008d500000, 0x000000008d500000| Untracked 
| 126|0x000000008d600000, 0x000000008d600000, 0x000000008d700000|  0%| F|  |TAMS 0x000000008d600000, 0x000000008d600000| Untracked 
| 127|0x000000008d700000, 0x000000008d700000, 0x000000008d800000|  0%| F|  |TAMS 0x000000008d700000, 0x000000008d700000| Untracked 
| 128|0x000000008d800000, 0x000000008d800000, 0x000000008d900000|  0%| F|  |TAMS 0x000000008d800000, 0x000000008d800000| Untracked 
| 129|0x000000008d900000, 0x000000008d900000, 0x000000008da00000|  0%| F|  |TAMS 0x000000008d900000, 0x000000008d900000| Untracked 
| 130|0x000000008da00000, 0x000000008da00000, 0x000000008db00000|  0%| F|  |TAMS 0x000000008da00000, 0x000000008da00000| Untracked 
| 131|0x000000008db00000, 0x000000008db00000, 0x000000008dc00000|  0%| F|  |TAMS 0x000000008db00000, 0x000000008db00000| Untracked 
| 132|0x000000008dc00000, 0x000000008dc00000, 0x000000008dd00000|  0%| F|  |TAMS 0x000000008dc00000, 0x000000008dc00000| Untracked 
| 133|0x000000008dd00000, 0x000000008dd00000, 0x000000008de00000|  0%| F|  |TAMS 0x000000008dd00000, 0x000000008dd00000| Untracked 
| 134|0x000000008de00000, 0x000000008de00000, 0x000000008df00000|  0%| F|  |TAMS 0x000000008de00000, 0x000000008de00000| Untracked 
| 135|0x000000008df00000, 0x000000008df00000, 0x000000008e000000|  0%| F|  |TAMS 0x000000008df00000, 0x000000008df00000| Untracked 
| 136|0x000000008e000000, 0x000000008e000000, 0x000000008e100000|  0%| F|  |TAMS 0x000000008e000000, 0x000000008e000000| Untracked 
| 137|0x000000008e100000, 0x000000008e100000, 0x000000008e200000|  0%| F|  |TAMS 0x000000008e100000, 0x000000008e100000| Untracked 
| 138|0x000000008e200000, 0x000000008e200000, 0x000000008e300000|  0%| F|  |TAMS 0x000000008e200000, 0x000000008e200000| Untracked 
| 139|0x000000008e300000, 0x000000008e300000, 0x000000008e400000|  0%| F|  |TAMS 0x000000008e300000, 0x000000008e300000| Untracked 
| 140|0x000000008e400000, 0x000000008e400000, 0x000000008e500000|  0%| F|  |TAMS 0x000000008e400000, 0x000000008e400000| Untracked 
| 141|0x000000008e500000, 0x000000008e500000, 0x000000008e600000|  0%| F|  |TAMS 0x000000008e500000, 0x000000008e500000| Untracked 
| 142|0x000000008e600000, 0x000000008e600000, 0x000000008e700000|  0%| F|  |TAMS 0x000000008e600000, 0x000000008e600000| Untracked 
| 143|0x000000008e700000, 0x000000008e700000, 0x000000008e800000|  0%| F|  |TAMS 0x000000008e700000, 0x000000008e700000| Untracked 
| 144|0x000000008e800000, 0x000000008e800000, 0x000000008e900000|  0%| F|  |TAMS 0x000000008e800000, 0x000000008e800000| Untracked 
| 145|0x000000008e900000, 0x000000008e900000, 0x000000008ea00000|  0%| F|  |TAMS 0x000000008e900000, 0x000000008e900000| Untracked 
| 146|0x000000008ea00000, 0x000000008ea00000, 0x000000008eb00000|  0%| F|  |TAMS 0x000000008ea00000, 0x000000008ea00000| Untracked 
| 147|0x000000008eb00000, 0x000000008eb00000, 0x000000008ec00000|  0%| F|  |TAMS 0x000000008eb00000, 0x000000008eb00000| Untracked 
| 148|0x000000008ec00000, 0x000000008ec00000, 0x000000008ed00000|  0%| F|  |TAMS 0x000000008ec00000, 0x000000008ec00000| Untracked 
| 149|0x000000008ed00000, 0x000000008ed00000, 0x000000008ee00000|  0%| F|  |TAMS 0x000000008ed00000, 0x000000008ed00000| Untracked 
| 150|0x000000008ee00000, 0x000000008ee00000, 0x000000008ef00000|  0%| F|  |TAMS 0x000000008ee00000, 0x000000008ee00000| Untracked 
| 151|0x000000008ef00000, 0x000000008ef00000, 0x000000008f000000|  0%| F|  |TAMS 0x000000008ef00000, 0x000000008ef00000| Untracked 
| 152|0x000000008f000000, 0x000000008f000000, 0x000000008f100000|  0%| F|  |TAMS 0x000000008f000000, 0x000000008f000000| Untracked 
| 153|0x000000008f100000, 0x000000008f100000, 0x000000008f200000|  0%| F|  |TAMS 0x000000008f100000, 0x000000008f100000| Untracked 
| 154|0x000000008f200000, 0x000000008f200000, 0x000000008f300000|  0%| F|  |TAMS 0x000000008f200000, 0x000000008f200000| Untracked 
| 155|0x000000008f300000, 0x000000008f300000, 0x000000008f400000|  0%| F|  |TAMS 0x000000008f300000, 0x000000008f300000| Untracked 
| 156|0x000000008f400000, 0x000000008f400000, 0x000000008f500000|  0%| F|  |TAMS 0x000000008f400000, 0x000000008f400000| Untracked 
| 157|0x000000008f500000, 0x000000008f500000, 0x000000008f600000|  0%| F|  |TAMS 0x000000008f500000, 0x000000008f500000| Untracked 
| 158|0x000000008f600000, 0x000000008f600000, 0x000000008f700000|  0%| F|  |TAMS 0x000000008f600000, 0x000000008f600000| Untracked 
| 159|0x000000008f700000, 0x000000008f700000, 0x000000008f800000|  0%| F|  |TAMS 0x000000008f700000, 0x000000008f700000| Untracked 
| 160|0x000000008f800000, 0x000000008f800000, 0x000000008f900000|  0%| F|  |TAMS 0x000000008f800000, 0x000000008f800000| Untracked 
| 161|0x000000008f900000, 0x000000008f900000, 0x000000008fa00000|  0%| F|  |TAMS 0x000000008f900000, 0x000000008f900000| Untracked 
| 162|0x000000008fa00000, 0x000000008fa00000, 0x000000008fb00000|  0%| F|  |TAMS 0x000000008fa00000, 0x000000008fa00000| Untracked 
| 163|0x000000008fb00000, 0x000000008fb00000, 0x000000008fc00000|  0%| F|  |TAMS 0x000000008fb00000, 0x000000008fb00000| Untracked 
| 164|0x000000008fc00000, 0x000000008fc00000, 0x000000008fd00000|  0%| F|  |TAMS 0x000000008fc00000, 0x000000008fc00000| Untracked 
| 165|0x000000008fd00000, 0x000000008fd00000, 0x000000008fe00000|  0%| F|  |TAMS 0x000000008fd00000, 0x000000008fd00000| Untracked 
| 166|0x000000008fe00000, 0x000000008fe00000, 0x000000008ff00000|  0%| F|  |TAMS 0x000000008fe00000, 0x000000008fe00000| Untracked 
| 167|0x000000008ff00000, 0x000000008ff00000, 0x0000000090000000|  0%| F|  |TAMS 0x000000008ff00000, 0x000000008ff00000| Untracked 
| 168|0x0000000090000000, 0x0000000090000000, 0x0000000090100000|  0%| F|  |TAMS 0x0000000090000000, 0x0000000090000000| Untracked 
| 169|0x0000000090100000, 0x0000000090100000, 0x0000000090200000|  0%| F|  |TAMS 0x0000000090100000, 0x0000000090100000| Untracked 
| 170|0x0000000090200000, 0x0000000090200000, 0x0000000090300000|  0%| F|  |TAMS 0x0000000090200000, 0x0000000090200000| Untracked 
| 171|0x0000000090300000, 0x0000000090300000, 0x0000000090400000|  0%| F|  |TAMS 0x0000000090300000, 0x0000000090300000| Untracked 
| 172|0x0000000090400000, 0x0000000090400000, 0x0000000090500000|  0%| F|  |TAMS 0x0000000090400000, 0x0000000090400000| Untracked 
| 173|0x0000000090500000, 0x0000000090500000, 0x0000000090600000|  0%| F|  |TAMS 0x0000000090500000, 0x0000000090500000| Untracked 
| 174|0x0000000090600000, 0x0000000090600000, 0x0000000090700000|  0%| F|  |TAMS 0x0000000090600000, 0x0000000090600000| Untracked 
| 175|0x0000000090700000, 0x0000000090700000, 0x0000000090800000|  0%| F|  |TAMS 0x0000000090700000, 0x0000000090700000| Untracked 
| 176|0x0000000090800000, 0x0000000090800000, 0x0000000090900000|  0%| F|  |TAMS 0x0000000090800000, 0x0000000090800000| Untracked 
| 177|0x0000000090900000, 0x0000000090900000, 0x0000000090a00000|  0%| F|  |TAMS 0x0000000090900000, 0x0000000090900000| Untracked 
| 178|0x0000000090a00000, 0x0000000090a00000, 0x0000000090b00000|  0%| F|  |TAMS 0x0000000090a00000, 0x0000000090a00000| Untracked 
| 179|0x0000000090b00000, 0x0000000090b00000, 0x0000000090c00000|  0%| F|  |TAMS 0x0000000090b00000, 0x0000000090b00000| Untracked 
| 180|0x0000000090c00000, 0x0000000090c00000, 0x0000000090d00000|  0%| F|  |TAMS 0x0000000090c00000, 0x0000000090c00000| Untracked 
| 181|0x0000000090d00000, 0x0000000090d00000, 0x0000000090e00000|  0%| F|  |TAMS 0x0000000090d00000, 0x0000000090d00000| Untracked 
| 182|0x0000000090e00000, 0x0000000090e00000, 0x0000000090f00000|  0%| F|  |TAMS 0x0000000090e00000, 0x0000000090e00000| Untracked 
| 183|0x0000000090f00000, 0x0000000090f00000, 0x0000000091000000|  0%| F|  |TAMS 0x0000000090f00000, 0x0000000090f00000| Untracked 
| 184|0x0000000091000000, 0x0000000091000000, 0x0000000091100000|  0%| F|  |TAMS 0x0000000091000000, 0x0000000091000000| Untracked 
| 185|0x0000000091100000, 0x0000000091100000, 0x0000000091200000|  0%| F|  |TAMS 0x0000000091100000, 0x0000000091100000| Untracked 
| 186|0x0000000091200000, 0x0000000091200000, 0x0000000091300000|  0%| F|  |TAMS 0x0000000091200000, 0x0000000091200000| Untracked 
| 187|0x0000000091300000, 0x0000000091300000, 0x0000000091400000|  0%| F|  |TAMS 0x0000000091300000, 0x0000000091300000| Untracked 
| 188|0x0000000091400000, 0x0000000091400000, 0x0000000091500000|  0%| F|  |TAMS 0x0000000091400000, 0x0000000091400000| Untracked 
| 189|0x0000000091500000, 0x0000000091500000, 0x0000000091600000|  0%| F|  |TAMS 0x0000000091500000, 0x0000000091500000| Untracked 
| 190|0x0000000091600000, 0x0000000091600000, 0x0000000091700000|  0%| F|  |TAMS 0x0000000091600000, 0x0000000091600000| Untracked 
| 191|0x0000000091700000, 0x0000000091700000, 0x0000000091800000|  0%| F|  |TAMS 0x0000000091700000, 0x0000000091700000| Untracked 
| 192|0x0000000091800000, 0x0000000091800000, 0x0000000091900000|  0%| F|  |TAMS 0x0000000091800000, 0x0000000091800000| Untracked 
| 193|0x0000000091900000, 0x0000000091900000, 0x0000000091a00000|  0%| F|  |TAMS 0x0000000091900000, 0x0000000091900000| Untracked 
| 194|0x0000000091a00000, 0x0000000091a00000, 0x0000000091b00000|  0%| F|  |TAMS 0x0000000091a00000, 0x0000000091a00000| Untracked 
| 195|0x0000000091b00000, 0x0000000091b00000, 0x0000000091c00000|  0%| F|  |TAMS 0x0000000091b00000, 0x0000000091b00000| Untracked 
| 196|0x0000000091c00000, 0x0000000091c00000, 0x0000000091d00000|  0%| F|  |TAMS 0x0000000091c00000, 0x0000000091c00000| Untracked 
| 197|0x0000000091d00000, 0x0000000091d00000, 0x0000000091e00000|  0%| F|  |TAMS 0x0000000091d00000, 0x0000000091d00000| Untracked 
| 198|0x0000000091e00000, 0x0000000091e00000, 0x0000000091f00000|  0%| F|  |TAMS 0x0000000091e00000, 0x0000000091e00000| Untracked 
| 199|0x0000000091f00000, 0x0000000091f00000, 0x0000000092000000|  0%| F|  |TAMS 0x0000000091f00000, 0x0000000091f00000| Untracked 
| 200|0x0000000092000000, 0x0000000092000000, 0x0000000092100000|  0%| F|  |TAMS 0x0000000092000000, 0x0000000092000000| Untracked 
| 201|0x0000000092100000, 0x0000000092100000, 0x0000000092200000|  0%| F|  |TAMS 0x0000000092100000, 0x0000000092100000| Untracked 
| 202|0x0000000092200000, 0x0000000092200000, 0x0000000092300000|  0%| F|  |TAMS 0x0000000092200000, 0x0000000092200000| Untracked 
| 203|0x0000000092300000, 0x0000000092300000, 0x0000000092400000|  0%| F|  |TAMS 0x0000000092300000, 0x0000000092300000| Untracked 
| 204|0x0000000092400000, 0x0000000092400000, 0x0000000092500000|  0%| F|  |TAMS 0x0000000092400000, 0x0000000092400000| Untracked 
| 205|0x0000000092500000, 0x0000000092572258, 0x0000000092600000| 44%| S|CS|TAMS 0x0000000092500000, 0x0000000092500000| Complete 
| 206|0x0000000092600000, 0x0000000092700000, 0x0000000092700000|100%| S|CS|TAMS 0x0000000092600000, 0x0000000092600000| Complete 
| 207|0x0000000092700000, 0x0000000092700000, 0x0000000092800000|  0%| F|  |TAMS 0x0000000092700000, 0x0000000092700000| Untracked 
| 208|0x0000000092800000, 0x0000000092800000, 0x0000000092900000|  0%| F|  |TAMS 0x0000000092800000, 0x0000000092800000| Untracked 

Card table byte_map: [0x00000241beb10000,0x00000241beef0000] _byte_map_base: 0x00000241be6e4000

Marking Bits (Prev, Next): (CMBitMap*) 0x00000241ac0c6820, (CMBitMap*) 0x00000241ac0c6860
 Prev Bits: [0x00000241bf2d0000, 0x00000241c1170000)
 Next Bits: [0x00000241c1170000, 0x00000241c3010000)

Polling page: 0x00000241a9fd0000

Metaspace:

Usage:
  Non-class:     11.07 MB used.
      Class:      1.20 MB used.
       Both:     12.27 MB used.

Virtual space:
  Non-class space:       64.00 MB reserved,      11.19 MB ( 17%) committed,  1 nodes.
      Class space:        1.00 GB reserved,       1.31 MB ( <1%) committed,  1 nodes.
             Both:        1.06 GB reserved,      12.50 MB (  1%) committed. 

Chunk freelists:
   Non-Class:  4.49 MB
       Class:  14.74 MB
        Both:  19.23 MB

MaxMetaspaceSize: unlimited
CompressedClassSpaceSize: 1.00 GB
Initial GC threshold: 21.00 MB
Current GC threshold: 21.00 MB
CDS: off
MetaspaceReclaimPolicy: balanced
 - commit_granule_bytes: 65536.
 - commit_granule_words: 8192.
 - virtual_space_node_default_size: 8388608.
 - enlarge_chunks_in_place: 1.
 - new_chunks_are_fully_committed: 0.
 - uncommit_free_chunks: 1.
 - use_allocation_guard: 0.
 - handle_deallocations: 1.


Internal statistics:

num_allocs_failed_limit: 0.
num_arena_births: 114.
num_arena_deaths: 0.
num_vsnodes_births: 2.
num_vsnodes_deaths: 0.
num_space_committed: 200.
num_space_uncommitted: 0.
num_chunks_returned_to_freelist: 0.
num_chunks_taken_from_freelist: 177.
num_chunk_merges: 0.
num_chunk_splits: 93.
num_chunks_enlarged: 28.
num_inconsistent_stats: 0.

CodeHeap 'non-profiled nmethods': size=120000Kb used=338Kb max_used=338Kb free=119662Kb
 bounds [0x00000241b7200000, 0x00000241b7470000, 0x00000241be730000]
CodeHeap 'profiled nmethods': size=120000Kb used=1263Kb max_used=1263Kb free=118736Kb
 bounds [0x00000241af730000, 0x00000241af9a0000, 0x00000241b6c60000]
CodeHeap 'non-nmethods': size=5760Kb used=1243Kb max_used=1258Kb free=4516Kb
 bounds [0x00000241b6c60000, 0x00000241b6ed0000, 0x00000241b7200000]
 total_blobs=1442 nmethods=895 adapters=460
 compilation: enabled
              stopped_count=0, restarted_count=0
 full_count=0

Compilation events (20 events):
Event: 0.967 Thread 0x00000241c5685fd0  886       3       java.lang.Math::getExponent (17 bytes)
Event: 0.967 Thread 0x00000241c5685fd0 nmethod 886 0x00000241af868890 code [0x00000241af868a20, 0x00000241af868b58]
Event: 0.967 Thread 0x00000241c5685fd0  887       3       java.awt.geom.AffineTransform::translate (547 bytes)
Event: 0.968 Thread 0x00000241c5685fd0 nmethod 887 0x00000241af868c10 code [0x00000241af868f00, 0x00000241af869c48]
Event: 0.968 Thread 0x00000241c5685fd0  888       3       javax.swing.RepaintManager::currentManager (5 bytes)
Event: 0.968 Thread 0x00000241c5685fd0 nmethod 888 0x00000241af869d90 code [0x00000241af869f40, 0x00000241af86a0d8]
Event: 0.968 Thread 0x00000241c5685fd0  889       3       javax.swing.RepaintManager::currentManager (7 bytes)
Event: 0.968 Thread 0x00000241c5685fd0 nmethod 889 0x00000241af86a190 code [0x00000241af86a340, 0x00000241af86a478]
Event: 0.968 Thread 0x00000241c5685fd0  891       3       sun.java2d.pipe.DrawImage::copyImage (60 bytes)
Event: 0.968 Thread 0x00000241c5685fd0 nmethod 891 0x00000241af86a510 code [0x00000241af86a700, 0x00000241af86ac78]
Event: 0.968 Thread 0x00000241c5685fd0  892       3       sun.awt.image.SunVolatileImage::getWidth (5 bytes)
Event: 0.968 Thread 0x00000241c5685fd0 nmethod 892 0x00000241af86ae10 code [0x00000241af86afa0, 0x00000241af86b0d8]
Event: 0.968 Thread 0x00000241c5685fd0  890       1       java.awt.image.ColorModel::getNumComponents (5 bytes)
Event: 0.968 Thread 0x00000241c5685fd0 nmethod 890 0x00000241b7254210 code [0x00000241b72543a0, 0x00000241b7254478]
Event: 0.968 Thread 0x00000241c5685fd0  893       3       sun.java2d.SunGraphics2D::translate (68 bytes)
Event: 0.969 Thread 0x00000241c5685fd0 nmethod 893 0x00000241af86b190 code [0x00000241af86b340, 0x00000241af86b5b8]
Event: 0.984 Thread 0x00000241c5685fd0  894       1       java.awt.image.ColorModel::getPixelSize (5 bytes)
Event: 0.984 Thread 0x00000241c5685fd0 nmethod 894 0x00000241b7254510 code [0x00000241b72546a0, 0x00000241b7254778]
Event: 0.985 Thread 0x00000241c5685fd0  895       3       java.util.concurrent.locks.ReentrantLock$Sync::tryRelease (51 bytes)
Event: 0.986 Thread 0x00000241c5685fd0 nmethod 895 0x00000241af86b690 code [0x00000241af86b840, 0x00000241af86bb88]

GC Heap History (19 events):
Event: 0.784 GC heap before
{Heap before GC invocations=0 (full 0):
 garbage-first heap   total 126976K, used 29696K [0x0000000085800000, 0x0000000100000000)
  region size 1024K, 13 young (13312K), 0 survivors (0K)
 Metaspace       used 12482K, committed 12736K, reserved 1114112K
  class space    used 1230K, committed 1344K, reserved 1048576K
}
Event: 0.788 GC heap after
{Heap after GC invocations=1 (full 0):
 garbage-first heap   total 126976K, used 14024K [0x0000000085800000, 0x0000000100000000)
  region size 1024K, 2 young (2048K), 2 survivors (2048K)
 Metaspace       used 12482K, committed 12736K, reserved 1114112K
  class space    used 1230K, committed 1344K, reserved 1048576K
}
Event: 0.903 GC heap before
{Heap before GC invocations=1 (full 0):
 garbage-first heap   total 126976K, used 60104K [0x0000000085800000, 0x0000000100000000)
  region size 1024K, 6 young (6144K), 2 survivors (2048K)
 Metaspace       used 12562K, committed 12800K, reserved 1114112K
  class space    used 1230K, committed 1344K, reserved 1048576K
}
Event: 0.905 GC heap after
{Heap after GC invocations=2 (full 0):
 garbage-first heap   total 126976K, used 35240K [0x0000000085800000, 0x0000000100000000)
  region size 1024K, 1 young (1024K), 1 survivors (1024K)
 Metaspace       used 12562K, committed 12800K, reserved 1114112K
  class space    used 1230K, committed 1344K, reserved 1048576K
}
Event: 0.917 GC heap before
{Heap before GC invocations=2 (full 0):
 garbage-first heap   total 126976K, used 56744K [0x0000000085800000, 0x0000000100000000)
  region size 1024K, 3 young (3072K), 1 survivors (1024K)
 Metaspace       used 12563K, committed 12800K, reserved 1114112K
  class space    used 1230K, committed 1344K, reserved 1048576K
}
Event: 0.918 GC heap after
{Heap after GC invocations=3 (full 0):
 garbage-first heap   total 126976K, used 45467K [0x0000000085800000, 0x0000000100000000)
  region size 1024K, 1 young (1024K), 1 survivors (1024K)
 Metaspace       used 12563K, committed 12800K, reserved 1114112K
  class space    used 1230K, committed 1344K, reserved 1048576K
}
Event: 0.921 GC heap before
{Heap before GC invocations=3 (full 0):
 garbage-first heap   total 126976K, used 57755K [0x0000000085800000, 0x0000000100000000)
  region size 1024K, 4 young (4096K), 1 survivors (1024K)
 Metaspace       used 12564K, committed 12800K, reserved 1114112K
  class space    used 1230K, committed 1344K, reserved 1048576K
}
Event: 0.921 GC heap after
{Heap after GC invocations=4 (full 0):
 garbage-first heap   total 126976K, used 54072K [0x0000000085800000, 0x0000000100000000)
  region size 1024K, 2 young (2048K), 2 survivors (2048K)
 Metaspace       used 12564K, committed 12800K, reserved 1114112K
  class space    used 1230K, committed 1344K, reserved 1048576K
}
Event: 0.924 GC heap before
{Heap before GC invocations=4 (full 0):
 garbage-first heap   total 126976K, used 56120K [0x0000000085800000, 0x0000000100000000)
  region size 1024K, 3 young (3072K), 2 survivors (2048K)
 Metaspace       used 12565K, committed 12800K, reserved 1114112K
  class space    used 1230K, committed 1344K, reserved 1048576K
}
Event: 0.924 GC heap after
{Heap after GC invocations=5 (full 0):
 garbage-first heap   total 126976K, used 54142K [0x0000000085800000, 0x0000000100000000)
  region size 1024K, 2 young (2048K), 2 survivors (2048K)
 Metaspace       used 12565K, committed 12800K, reserved 1114112K
  class space    used 1230K, committed 1344K, reserved 1048576K
}
Event: 0.940 GC heap before
{Heap before GC invocations=6 (full 0):
 garbage-first heap   total 126976K, used 65406K [0x0000000085800000, 0x0000000100000000)
  region size 1024K, 4 young (4096K), 2 survivors (2048K)
 Metaspace       used 12568K, committed 12800K, reserved 1114112K
  class space    used 1230K, committed 1344K, reserved 1048576K
}
Event: 0.942 GC heap after
{Heap after GC invocations=7 (full 0):
 garbage-first heap   total 214016K, used 58257K [0x0000000085800000, 0x0000000100000000)
  region size 1024K, 2 young (2048K), 2 survivors (2048K)
 Metaspace       used 12568K, committed 12800K, reserved 1114112K
  class space    used 1230K, committed 1344K, reserved 1048576K
}
Event: 0.971 GC heap before
{Heap before GC invocations=7 (full 0):
 garbage-first heap   total 214016K, used 99217K [0x0000000085800000, 0x0000000100000000)
  region size 1024K, 5 young (5120K), 2 survivors (2048K)
 Metaspace       used 12568K, committed 12800K, reserved 1114112K
  class space    used 1230K, committed 1344K, reserved 1048576K
}
Event: 0.972 GC heap after
{Heap after GC invocations=8 (full 0):
 garbage-first heap   total 214016K, used 78974K [0x0000000085800000, 0x0000000100000000)
  region size 1024K, 2 young (2048K), 2 survivors (2048K)
 Metaspace       used 12568K, committed 12800K, reserved 1114112K
  class space    used 1230K, committed 1344K, reserved 1048576K
}
Event: 0.973 GC heap before
{Heap before GC invocations=8 (full 0):
 garbage-first heap   total 214016K, used 85118K [0x0000000085800000, 0x0000000100000000)
  region size 1024K, 3 young (3072K), 2 survivors (2048K)
 Metaspace       used 12568K, committed 12800K, reserved 1114112K
  class space    used 1230K, committed 1344K, reserved 1048576K
}
Event: 0.973 GC heap after
{Heap after GC invocations=9 (full 0):
 garbage-first heap   total 214016K, used 85052K [0x0000000085800000, 0x0000000100000000)
  region size 1024K, 2 young (2048K), 2 survivors (2048K)
 Metaspace       used 12568K, committed 12800K, reserved 1114112K
  class space    used 1230K, committed 1344K, reserved 1048576K
}
Event: 0.980 GC heap before
{Heap before GC invocations=9 (full 0):
 garbage-first heap   total 214016K, used 98364K [0x0000000085800000, 0x0000000100000000)
  region size 1024K, 4 young (4096K), 2 survivors (2048K)
 Metaspace       used 12568K, committed 12800K, reserved 1114112K
  class space    used 1230K, committed 1344K, reserved 1048576K
}
Event: 0.981 GC heap after
{Heap after GC invocations=10 (full 0):
 garbage-first heap   total 214016K, used 89094K [0x0000000085800000, 0x0000000100000000)
  region size 1024K, 2 young (2048K), 2 survivors (2048K)
 Metaspace       used 12568K, committed 12800K, reserved 1114112K
  class space    used 1230K, committed 1344K, reserved 1048576K
}
Event: 0.992 GC heap before
{Heap before GC invocations=11 (full 0):
 garbage-first heap   total 214016K, used 106502K [0x0000000085800000, 0x0000000100000000)
  region size 1024K, 4 young (4096K), 2 survivors (2048K)
 Metaspace       used 12568K, committed 12800K, reserved 1114112K
  class space    used 1230K, committed 1344K, reserved 1048576K
}

Dll operation events (8 events):
Event: 0.007 Loaded shared library C:\Users\usuario\.p2\pool\plugins\org.eclipse.justj.openjdk.hotspot.jre.full.win32.x86_64_17.0.7.v20230425-1502\jre\bin\java.dll
Event: 0.125 Loaded shared library C:\Users\usuario\.p2\pool\plugins\org.eclipse.justj.openjdk.hotspot.jre.full.win32.x86_64_17.0.7.v20230425-1502\jre\bin\jimage.dll
Event: 0.165 Loaded shared library C:\Users\usuario\.p2\pool\plugins\org.eclipse.justj.openjdk.hotspot.jre.full.win32.x86_64_17.0.7.v20230425-1502\jre\bin\awt.dll
Event: 0.312 Loaded shared library C:\Users\usuario\.p2\pool\plugins\org.eclipse.justj.openjdk.hotspot.jre.full.win32.x86_64_17.0.7.v20230425-1502\jre\bin\javajpeg.dll
Event: 0.515 Loaded shared library C:\Users\usuario\.p2\pool\plugins\org.eclipse.justj.openjdk.hotspot.jre.full.win32.x86_64_17.0.7.v20230425-1502\jre\bin\freetype.dll
Event: 0.516 Loaded shared library C:\Users\usuario\.p2\pool\plugins\org.eclipse.justj.openjdk.hotspot.jre.full.win32.x86_64_17.0.7.v20230425-1502\jre\bin\fontmanager.dll
Event: 0.581 Loaded shared library C:\Users\usuario\.p2\pool\plugins\org.eclipse.justj.openjdk.hotspot.jre.full.win32.x86_64_17.0.7.v20230425-1502\jre\bin\net.dll
Event: 0.584 Loaded shared library C:\Users\usuario\.p2\pool\plugins\org.eclipse.justj.openjdk.hotspot.jre.full.win32.x86_64_17.0.7.v20230425-1502\jre\bin\nio.dll

Deoptimization events (20 events):
Event: 0.826 Thread 0x00000241ca0eb020 DEOPT PACKING pc=0x00000241b72312b0 sp=0x00000045537ff040
Event: 0.826 Thread 0x00000241ca0eb020 DEOPT UNPACKING pc=0x00000241b6cba1a3 sp=0x00000045537fefd0 mode 2
Event: 0.829 Thread 0x00000241ca243760 DEOPT PACKING pc=0x00000241af834bde sp=0x0000004553afe1c0
Event: 0.829 Thread 0x00000241ca243760 DEOPT UNPACKING pc=0x00000241b6cbace3 sp=0x0000004553afd6c8 mode 0
Event: 0.839 Thread 0x00000241ca243760 DEOPT PACKING pc=0x00000241af834bde sp=0x0000004553afe1c0
Event: 0.839 Thread 0x00000241ca243760 DEOPT UNPACKING pc=0x00000241b6cbace3 sp=0x0000004553afd6c8 mode 0
Event: 0.845 Thread 0x00000241ca0eb020 DEOPT PACKING pc=0x00000241af834bde sp=0x00000045537fe0d0
Event: 0.845 Thread 0x00000241ca0eb020 DEOPT UNPACKING pc=0x00000241b6cbace3 sp=0x00000045537fd5d8 mode 0
Event: 0.849 Thread 0x00000241ca243760 DEOPT PACKING pc=0x00000241af834bde sp=0x0000004553afe1c0
Event: 0.849 Thread 0x00000241ca243760 DEOPT UNPACKING pc=0x00000241b6cbace3 sp=0x0000004553afd6c8 mode 0
Event: 0.855 Thread 0x00000241ca0eb020 DEOPT PACKING pc=0x00000241af834bde sp=0x00000045537fe0d0
Event: 0.855 Thread 0x00000241ca0eb020 DEOPT UNPACKING pc=0x00000241b6cbace3 sp=0x00000045537fd5d8 mode 0
Event: 0.870 Thread 0x00000241ca0eb020 DEOPT PACKING pc=0x00000241af834bde sp=0x00000045537fe0d0
Event: 0.870 Thread 0x00000241ca0eb020 DEOPT UNPACKING pc=0x00000241b6cbace3 sp=0x00000045537fd5d8 mode 0
Event: 0.883 Thread 0x00000241ca243760 DEOPT PACKING pc=0x00000241af834bde sp=0x0000004553afe1c0
Event: 0.883 Thread 0x00000241ca243760 DEOPT UNPACKING pc=0x00000241b6cbace3 sp=0x0000004553afd6c8 mode 0
Event: 0.937 Thread 0x00000241ca240c10 Uncommon trap: trap_request=0xffffffe4 fr.pc=0x00000241b724c280 relative=0x0000000000001640
Event: 0.937 Thread 0x00000241ca240c10 Uncommon trap: reason=range_check action=make_not_entrant pc=0x00000241b724c280 method=java.awt.image.DirectColorModel.setFields()V @ 6 c2
Event: 0.937 Thread 0x00000241ca240c10 DEOPT PACKING pc=0x00000241b724c280 sp=0x00000045539ff2c0
Event: 0.937 Thread 0x00000241ca240c10 DEOPT UNPACKING pc=0x00000241b6cba1a3 sp=0x00000045539ff118 mode 2

Classes unloaded (0 events):
No events

Classes redefined (0 events):
No events

Internal exceptions (15 events):
Event: 0.153 Thread 0x00000241ac06bd60 Exception <a 'java/lang/ClassNotFoundException'{0x000000008d232d10}: sun/awt/resources/spi/awtProvider> (0x000000008d232d10) 
thrown [s\src\hotspot\share\classfile\systemDictionary.cpp, line 256]
Event: 0.180 Thread 0x00000241ac06bd60 Exception <a 'java/io/FileNotFoundException'{0x000000008d28cff8}> (0x000000008d28cff8) 
thrown [s\src\hotspot\share\prims\jni.cpp, line 516]
Event: 0.186 Thread 0x00000241ac06bd60 Exception <a 'java/io/FileNotFoundException'{0x000000008d2b9fd0}> (0x000000008d2b9fd0) 
thrown [s\src\hotspot\share\prims\jni.cpp, line 516]
Event: 0.221 Thread 0x00000241ac06bd60 Exception <a 'java/lang/NoSuchMethodError'{0x000000008d2f1ac8}: 'java.lang.Object java.lang.invoke.DirectMethodHandle$Holder.invokeStaticInit(java.lang.Object)'> (0x000000008d2f1ac8) 
thrown [s\src\hotspot\share\interpreter\linkResolver.cpp, line 759]
Event: 0.266 Thread 0x00000241ca06ec50 Exception <a 'java/lang/NoSuchMethodError'{0x000000008d011bd0}: 'void java.lang.invoke.DirectMethodHandle$Holder.invokeSpecial(java.lang.Object, java.lang.Object, java.lang.Object)'> (0x000000008d011bd0) 
thrown [s\src\hotspot\share\interpreter\linkResolver.cpp, line 759]
Event: 0.274 Thread 0x00000241ca06ec50 Exception <a 'java/lang/NoSuchMethodError'{0x000000008d03bfd8}: 'java.lang.Object java.lang.invoke.DirectMethodHandle$Holder.newInvokeSpecial(java.lang.Object, java.lang.Object, java.lang.Object, java.lang.Object, java.lang.Object)'> (0x000000008d03bfd8) 
thrown [s\src\hotspot\share\interpreter\linkResolver.cpp, line 759]
Event: 0.275 Thread 0x00000241ca06ec50 Exception <a 'java/lang/NoSuchMethodError'{0x000000008d047f48}: 'java.lang.Object java.lang.invoke.DirectMethodHandle$Holder.invokeStatic(java.lang.Object, int, java.lang.Object, java.lang.Object, java.lang.Object, java.lang.Object)'> (0x000000008d047f48) 
thrown [s\src\hotspot\share\interpreter\linkResolver.cpp, line 759]
Event: 0.279 Thread 0x00000241ca06ec50 Exception <a 'java/lang/NoSuchMethodError'{0x000000008d06d708}: 'java.lang.Object java.lang.invoke.DirectMethodHandle$Holder.invokeStatic(java.lang.Object, int, java.lang.Object)'> (0x000000008d06d708) 
thrown [s\src\hotspot\share\interpreter\linkResolver.cpp, line 759]
Event: 0.298 Thread 0x00000241ca06ec50 Exception <a 'java/lang/ClassNotFoundException'{0x000000008cf25b88}: com/sun/swing/internal/plaf/metal/resources/spi/metalProvider> (0x000000008cf25b88) 
thrown [s\src\hotspot\share\classfile\systemDictionary.cpp, line 256]
Event: 0.299 Thread 0x00000241ca06ec50 Exception <a 'java/lang/ClassNotFoundException'{0x000000008cf2a5e0}: com/sun/swing/internal/plaf/basic/resources/spi/basicProvider> (0x000000008cf2a5e0) 
thrown [s\src\hotspot\share\classfile\systemDictionary.cpp, line 256]
Event: 0.314 Thread 0x00000241ca0eb020 Exception <a 'java/lang/NoSuchMethodError'{0x000000008cf91570}: 'java.lang.Object java.lang.invoke.DirectMethodHandle$Holder.newInvokeSpecial(java.lang.Object, java.lang.Object, java.lang.Object, int, int, int, int, int)'> (0x000000008cf91570) 
thrown [s\src\hotspot\share\interpreter\linkResolver.cpp, line 759]
Event: 0.498 Thread 0x00000241c59294c0 Exception <a 'java/lang/NoSuchMethodError'{0x000000008d10f820}: 'void java.lang.invoke.DirectMethodHandle$Holder.invokeVirtual(java.lang.Object, java.lang.Object)'> (0x000000008d10f820) 
thrown [s\src\hotspot\share\interpreter\linkResolver.cpp, line 759]
Event: 0.511 Thread 0x00000241ca06ec50 Exception <a 'java/lang/NoSuchMethodError'{0x000000008cf6ca58}: 'void java.lang.invoke.DirectMethodHandle$Holder.invokeStaticInit(java.lang.Object)'> (0x000000008cf6ca58) 
thrown [s\src\hotspot\share\interpreter\linkResolver.cpp, line 759]
Event: 0.592 Thread 0x00000241ca0eb020 Implicit null exception at 0x00000241b722b620 to 0x00000241b722d1e0
Event: 0.595 Thread 0x00000241ca0eb020 Implicit null exception at 0x00000241b7222e7d to 0x00000241b7222fd4

VM Operations (20 events):
Event: 0.971 Executing VM operation: G1TryInitiateConcMark done
Event: 0.971 Executing VM operation: G1TryInitiateConcMark
Event: 0.972 Executing VM operation: G1TryInitiateConcMark done
Event: 0.972 Executing VM operation: G1TryInitiateConcMark
Event: 0.972 Executing VM operation: G1TryInitiateConcMark done
Event: 0.972 Executing VM operation: G1TryInitiateConcMark
Event: 0.973 Executing VM operation: G1TryInitiateConcMark done
Event: 0.979 Executing VM operation: G1TryInitiateConcMark
Event: 0.980 Executing VM operation: G1TryInitiateConcMark done
Event: 0.980 Executing VM operation: G1CollectForAllocation
Event: 0.981 Executing VM operation: G1CollectForAllocation done
Event: 0.985 Executing VM operation: G1Concurrent
Event: 0.986 Executing VM operation: G1Concurrent done
Event: 0.987 Executing VM operation: G1TryInitiateConcMark
Event: 0.987 Executing VM operation: G1TryInitiateConcMark done
Event: 0.988 Executing VM operation: G1Concurrent
Event: 0.989 Executing VM operation: G1Concurrent done
Event: 0.991 Executing VM operation: G1TryInitiateConcMark
Event: 0.991 Executing VM operation: G1TryInitiateConcMark done
Event: 0.991 Executing VM operation: G1CollectForAllocation

Events (20 events):
Event: 0.725 loading class java/lang/invoke/VarHandleLongs$FieldInstanceReadWrite done
Event: 0.725 loading class java/lang/invoke/VarHandleInts$FieldStaticReadWrite
Event: 0.725 loading class java/lang/invoke/VarHandleInts$FieldStaticReadOnly
Event: 0.725 loading class java/lang/invoke/VarHandleInts$FieldStaticReadOnly done
Event: 0.725 loading class java/lang/invoke/VarHandleInts$FieldStaticReadWrite done
Event: 0.726 loading class java/util/concurrent/ForkJoinPool$DefaultForkJoinWorkerThreadFactory
Event: 0.726 loading class java/util/concurrent/ForkJoinPool$ForkJoinWorkerThreadFactory
Event: 0.726 loading class java/util/concurrent/ForkJoinPool$ForkJoinWorkerThreadFactory done
Event: 0.726 loading class java/util/concurrent/ForkJoinPool$DefaultForkJoinWorkerThreadFactory done
Event: 0.726 loading class java/util/concurrent/ForkJoinPool$1
Event: 0.726 loading class java/util/concurrent/ForkJoinPool$1 done
Event: 0.726 loading class java/util/concurrent/ForkJoinPool$DefaultCommonPoolForkJoinWorkerThreadFactory
Event: 0.726 loading class java/util/concurrent/ForkJoinPool$DefaultCommonPoolForkJoinWorkerThreadFactory done
Event: 0.726 loading class java/util/concurrent/ForkJoinPool$WorkQueue
Event: 0.726 loading class java/util/concurrent/ForkJoinPool$WorkQueue done
Event: 0.726 loading class java/util/concurrent/ForkJoinWorkerThread
Event: 0.726 loading class java/util/concurrent/ForkJoinWorkerThread done
Event: 0.768 Thread 0x00000241ca243760 Thread added: 0x00000241ca243760
Event: 0.802 Thread 0x00000241ca0f5f10 Thread exited: 0x00000241ca0f5f10
Event: 0.825 Thread 0x00000241ca242dc0 Thread added: 0x00000241ca242dc0


Dynamic libraries:
0x00007ff727440000 - 0x00007ff72744e000 	C:\Users\usuario\.p2\pool\plugins\org.eclipse.justj.openjdk.hotspot.jre.full.win32.x86_64_17.0.7.v20230425-1502\jre\bin\javaw.exe
0x00007fff10ea0000 - 0x00007fff110a9000 	C:\WINDOWS\SYSTEM32\ntdll.dll
0x00007fff0f890000 - 0x00007fff0f94d000 	C:\WINDOWS\System32\KERNEL32.DLL
0x00007fff0e7f0000 - 0x00007fff0eb74000 	C:\WINDOWS\System32\KERNELBASE.dll
0x00007fff0e330000 - 0x00007fff0e441000 	C:\WINDOWS\System32\ucrtbase.dll
0x00007ffef2840000 - 0x00007ffef2857000 	C:\Users\usuario\.p2\pool\plugins\org.eclipse.justj.openjdk.hotspot.jre.full.win32.x86_64_17.0.7.v20230425-1502\jre\bin\jli.dll
0x00007fff0fa00000 - 0x00007fff0fbad000 	C:\WINDOWS\System32\USER32.dll
0x00007ffef2750000 - 0x00007ffef2769000 	C:\Users\usuario\.p2\pool\plugins\org.eclipse.justj.openjdk.hotspot.jre.full.win32.x86_64_17.0.7.v20230425-1502\jre\bin\VCRUNTIME140.dll
0x00007fff0e4f0000 - 0x00007fff0e516000 	C:\WINDOWS\System32\win32u.dll
0x00007fff10600000 - 0x00007fff1062a000 	C:\WINDOWS\System32\GDI32.dll
0x00007fff0e520000 - 0x00007fff0e63e000 	C:\WINDOWS\System32\gdi32full.dll
0x00007fff0e450000 - 0x00007fff0e4ed000 	C:\WINDOWS\System32\msvcp_win.dll
0x00007ffeec140000 - 0x00007ffeec3e5000 	C:\WINDOWS\WinSxS\amd64_microsoft.windows.common-controls_6595b64144ccf1df_6.0.22000.120_none_9d947278b86cc467\COMCTL32.dll
0x00007fff10690000 - 0x00007fff10733000 	C:\WINDOWS\System32\msvcrt.dll
0x00007fff0f670000 - 0x00007fff0f6a1000 	C:\WINDOWS\System32\IMM32.DLL
0x00007ffefe740000 - 0x00007ffefe74c000 	C:\Users\usuario\.p2\pool\plugins\org.eclipse.justj.openjdk.hotspot.jre.full.win32.x86_64_17.0.7.v20230425-1502\jre\bin\vcruntime140_1.dll
0x00007ffee9a30000 - 0x00007ffee9ac1000 	C:\Users\usuario\.p2\pool\plugins\org.eclipse.justj.openjdk.hotspot.jre.full.win32.x86_64_17.0.7.v20230425-1502\jre\bin\msvcp140.dll
0x00007ffec84e0000 - 0x00007ffec9128000 	C:\Users\usuario\.p2\pool\plugins\org.eclipse.justj.openjdk.hotspot.jre.full.win32.x86_64_17.0.7.v20230425-1502\jre\bin\server\jvm.dll
0x00007fff0fbb0000 - 0x00007fff0fc5e000 	C:\WINDOWS\System32\ADVAPI32.dll
0x00007fff0ed90000 - 0x00007fff0ee2e000 	C:\WINDOWS\System32\sechost.dll
0x00007fff0f6b0000 - 0x00007fff0f7d1000 	C:\WINDOWS\System32\RPCRT4.dll
0x00007fff0ab70000 - 0x00007fff0ab79000 	C:\WINDOWS\SYSTEM32\WSOCK32.dll
0x00007fff0fd10000 - 0x00007fff0fd7f000 	C:\WINDOWS\System32\WS2_32.dll
0x00007fff03720000 - 0x00007fff03753000 	C:\WINDOWS\SYSTEM32\WINMM.dll
0x00007fff035b0000 - 0x00007fff035ba000 	C:\WINDOWS\SYSTEM32\VERSION.dll
0x00007fff0d400000 - 0x00007fff0d418000 	C:\WINDOWS\SYSTEM32\kernel.appcore.dll
0x00007fff03790000 - 0x00007fff0379a000 	C:\Users\usuario\.p2\pool\plugins\org.eclipse.justj.openjdk.hotspot.jre.full.win32.x86_64_17.0.7.v20230425-1502\jre\bin\jimage.dll
0x00007fff0be30000 - 0x00007fff0c051000 	C:\WINDOWS\SYSTEM32\DBGHELP.DLL
0x00007ffeec3f0000 - 0x00007ffeec421000 	C:\WINDOWS\SYSTEM32\dbgcore.DLL
0x00007fff0e640000 - 0x00007fff0e6bf000 	C:\WINDOWS\System32\bcryptPrimitives.dll
0x00007ffef2f30000 - 0x00007ffef2f55000 	C:\Users\usuario\.p2\pool\plugins\org.eclipse.justj.openjdk.hotspot.jre.full.win32.x86_64_17.0.7.v20230425-1502\jre\bin\java.dll
0x00007fff03760000 - 0x00007fff03778000 	C:\Users\usuario\.p2\pool\plugins\org.eclipse.justj.openjdk.hotspot.jre.full.win32.x86_64_17.0.7.v20230425-1502\jre\bin\zip.dll
0x00007fff0ee30000 - 0x00007fff0f5f5000 	C:\WINDOWS\System32\SHELL32.dll
0x00007fff0c3c0000 - 0x00007fff0cc22000 	C:\WINDOWS\SYSTEM32\windows.storage.dll
0x00007fff10ae0000 - 0x00007fff10e56000 	C:\WINDOWS\System32\combase.dll
0x00007fff0c250000 - 0x00007fff0c3b7000 	C:\WINDOWS\SYSTEM32\wintypes.dll
0x00007fff0fe70000 - 0x00007fff0ff5a000 	C:\WINDOWS\System32\SHCORE.dll
0x00007fff10630000 - 0x00007fff1068d000 	C:\WINDOWS\System32\shlwapi.dll
0x00007fff0e260000 - 0x00007fff0e285000 	C:\WINDOWS\SYSTEM32\profapi.dll
0x00007ffee3670000 - 0x00007ffee37fe000 	C:\Users\usuario\.p2\pool\plugins\org.eclipse.justj.openjdk.hotspot.jre.full.win32.x86_64_17.0.7.v20230425-1502\jre\bin\awt.dll
0x00007fff10740000 - 0x00007fff10816000 	C:\WINDOWS\System32\OLEAUT32.dll
0x00007fff0b320000 - 0x00007fff0b3b2000 	C:\WINDOWS\SYSTEM32\apphelp.dll
0x00007fff0b4c0000 - 0x00007fff0b56c000 	C:\WINDOWS\system32\uxtheme.dll
0x00007fff10820000 - 0x00007fff1093d000 	C:\WINDOWS\System32\MSCTF.dll
0x00007fff10940000 - 0x00007fff10ada000 	C:\WINDOWS\System32\ole32.dll
0x00007fff0b8f0000 - 0x00007fff0b91f000 	C:\WINDOWS\system32\DWMAPI.DLL
0x00007ffed4360000 - 0x00007ffed4461000 	C:\WINDOWS\system32\opengl32.dll
0x00007ffed5b40000 - 0x00007ffed5b6d000 	C:\WINDOWS\SYSTEM32\GLU32.dll
0x00007fff0b5d0000 - 0x00007fff0b608000 	C:\WINDOWS\SYSTEM32\dxcore.dll
0x00007ffee8660000 - 0x00007ffee868d000 	C:\Users\usuario\.p2\pool\plugins\org.eclipse.justj.openjdk.hotspot.jre.full.win32.x86_64_17.0.7.v20230425-1502\jre\bin\javajpeg.dll
0x00007ffee8720000 - 0x00007ffee87a6000 	C:\Users\usuario\.p2\pool\plugins\org.eclipse.justj.openjdk.hotspot.jre.full.win32.x86_64_17.0.7.v20230425-1502\jre\bin\freetype.dll
0x00007ffee35a0000 - 0x00007ffee3665000 	C:\Users\usuario\.p2\pool\plugins\org.eclipse.justj.openjdk.hotspot.jre.full.win32.x86_64_17.0.7.v20230425-1502\jre\bin\fontmanager.dll
0x00007ffeeaed0000 - 0x00007ffeeaffc000 	C:\WINDOWS\SYSTEM32\textinputframework.dll
0x00007ffef26d0000 - 0x00007ffef26e9000 	C:\Users\usuario\.p2\pool\plugins\org.eclipse.justj.openjdk.hotspot.jre.full.win32.x86_64_17.0.7.v20230425-1502\jre\bin\net.dll
0x00007fff022d0000 - 0x00007fff023e4000 	C:\WINDOWS\SYSTEM32\WINHTTP.dll
0x00007fff0d940000 - 0x00007fff0d9a7000 	C:\WINDOWS\system32\mswsock.dll
0x00007ffef1b20000 - 0x00007ffef1b35000 	C:\Users\usuario\.p2\pool\plugins\org.eclipse.justj.openjdk.hotspot.jre.full.win32.x86_64_17.0.7.v20230425-1502\jre\bin\nio.dll
0x00007fff0b030000 - 0x00007fff0b161000 	C:\WINDOWS\SYSTEM32\CoreMessaging.dll
0x00007fff08810000 - 0x00007fff08b7d000 	C:\WINDOWS\SYSTEM32\CoreUIComponents.dll
0x00007fff0dba0000 - 0x00007fff0dbac000 	C:\WINDOWS\SYSTEM32\CRYPTBASE.DLL

dbghelp: loaded successfully - version: 4.0.5 - missing functions: none
symbol engine: initialized successfully - sym options: 0x614 - pdb path: .;C:\Users\usuario\.p2\pool\plugins\org.eclipse.justj.openjdk.hotspot.jre.full.win32.x86_64_17.0.7.v20230425-1502\jre\bin;C:\WINDOWS\SYSTEM32;C:\WINDOWS\WinSxS\amd64_microsoft.windows.common-controls_6595b64144ccf1df_6.0.22000.120_none_9d947278b86cc467;C:\Users\usuario\.p2\pool\plugins\org.eclipse.justj.openjdk.hotspot.jre.full.win32.x86_64_17.0.7.v20230425-1502\jre\bin\server

VM Arguments:
jvm_args: -Dfile.encoding=UTF-8 -XX:+ShowCodeDetailsInExceptionMessages 
java_command: default1.Inicio
java_class_path (initial): C:\Users\usuario\eclipse-workspace\ARKANOID\bin
Launcher Type: SUN_STANDARD

[Global flags]
     intx CICompilerCount                          = 3                                         {product} {ergonomic}
     uint ConcGCThreads                            = 1                                         {product} {ergonomic}
     uint G1ConcRefinementThreads                  = 4                                         {product} {ergonomic}
   size_t G1HeapRegionSize                         = 1048576                                   {product} {ergonomic}
    uintx GCDrainStackTargetSize                   = 64                                        {product} {ergonomic}
   size_t InitialHeapSize                          = 130023424                                 {product} {ergonomic}
   size_t MarkStackSize                            = 4194304                                   {product} {ergonomic}
   size_t MaxHeapSize                              = 2055208960                                {product} {ergonomic}
   size_t MaxNewSize                               = 1233125376                                {product} {ergonomic}
   size_t MinHeapDeltaBytes                        = 1048576                                   {product} {ergonomic}
   size_t MinHeapSize                              = 8388608                                   {product} {ergonomic}
    uintx NonNMethodCodeHeapSize                   = 5832780                                {pd product} {ergonomic}
    uintx NonProfiledCodeHeapSize                  = 122912730                              {pd product} {ergonomic}
    uintx ProfiledCodeHeapSize                     = 122912730                              {pd product} {ergonomic}
    uintx ReservedCodeCacheSize                    = 251658240                              {pd product} {ergonomic}
     bool SegmentedCodeCache                       = true                                      {product} {ergonomic}
     bool ShowCodeDetailsInExceptionMessages       = true                                   {manageable} {command line}
   size_t SoftMaxHeapSize                          = 2055208960                             {manageable} {ergonomic}
     bool UseCompressedClassPointers               = true                           {product lp64_product} {ergonomic}
     bool UseCompressedOops                        = true                           {product lp64_product} {ergonomic}
     bool UseG1GC                                  = true                                      {product} {ergonomic}
     bool UseLargePagesIndividualAllocation        = false                                  {pd product} {ergonomic}

Logging:
Log output configuration:
 #0: stdout all=warning uptime,level,tags
 #1: stderr all=off uptime,level,tags

Environment Variables:
PATH=C:/Users/usuario/.p2/pool/plugins/org.eclipse.justj.openjdk.hotspot.jre.full.win32.x86_64_17.0.7.v20230425-1502/jre/bin/server;C:/Users/usuario/.p2/pool/plugins/org.eclipse.justj.openjdk.hotspot.jre.full.win32.x86_64_17.0.7.v20230425-1502/jre/bin;C:\Program Files\Common Files\Oracle\Java\javapath;C:\WINDOWS\system32;C:\WINDOWS;C:\WINDOWS\System32\Wbem;C:\WINDOWS\System32\WindowsPowerShell\v1.0\;C:\WINDOWS\System32\OpenSSH\;C:\Users\usuario\AppData\Local\Microsoft\WindowsApps;C:\Program Files (x86)\Brackets\;C:\Users\usuario\AppData\Local\Programs\Microsoft VS Code\bin;C:\Windows;
USERNAME=usuario
OS=Windows_NT
PROCESSOR_IDENTIFIER=Intel64 Family 6 Model 140 Stepping 1, GenuineIntel
TMP=C:\Users\usuario\AppData\Local\Temp
TEMP=C:\Users\usuario\AppData\Local\Temp



---------------  S Y S T E M  ---------------

OS:
 Windows 11 , 64 bit Build 22000 (10.0.22000.2360)
OS uptime: 12 days 9:11 hours
Hyper-V role detected

CPU: total 4 (initial active 4) (2 cores per cpu, 2 threads per core) family 6 model 140 stepping 1 microcode 0x9a, cx8, cmov, fxsr, ht, mmx, 3dnowpref, sse, sse2, sse3, ssse3, sse4.1, sse4.2, popcnt, lzcnt, tsc, tscinvbit, avx, avx2, aes, erms, clmul, bmi1, bmi2, adx, avx512f, avx512dq, avx512cd, avx512bw, avx512vl, sha, fma, vzeroupper, avx512_vpopcntdq, avx512_vpclmulqdq, avx512_vaes, avx512_vnni, clflush, clflushopt, clwb, avx512_vbmi2, avx512_vbmi, hv

Memory: 4k page, system-wide physical 7834M (740M free)
TotalPageFile size 31386M (AvailPageFile size 31M)
current process WorkingSet (physical memory assigned to process): 186M, peak: 186M
current process commit charge ("private bytes"): 306M, peak: 533M

vm_info: OpenJDK 64-Bit Server VM (17.0.7+7) for windows-amd64 JRE (17.0.7+7), built on Apr 18 2023 22:10:42 by "temurin" with MS VC++ 16.7 (VS2019)

END.
