#
# There is insufficient memory for the Java Runtime Environment to continue.
# Native memory allocation (mmap) failed to map 195035136 bytes for G1 virtual space
# Possible reasons:
#   The system is out of physical RAM or swap space
#   The process is running with CompressedOops enabled, and the Java Heap may be blocking the growth of the native heap
# Possible solutions:
#   Reduce memory load on the system
#   Increase physical memory or swap space
#   Check if swap backing store is full
#   Decrease Java heap size (-Xmx/-Xms)
#   Decrease number of Java threads
#   Decrease Java thread stack sizes (-Xss)
#   Set larger code cache with -XX:ReservedCodeCacheSize=
#   JVM is running with Unscaled Compressed Oops mode in which the Java heap is
#     placed in the first 4GB address space. The Java Heap base address is the
#     maximum limit for the native heap growth. Please use -XX:HeapBaseMinAddress
#     to set the Java Heap base and to place the Java Heap above 4GB virtual address.
# This output file may be truncated or incomplete.
#
#  Out of Memory Error (os_windows.cpp:3559), pid=27424, tid=17116
#
# JRE version: OpenJDK Runtime Environment Temurin-17.0.7+7 (17.0.7+7) (build 17.0.7+7)
# Java VM: OpenJDK 64-Bit Server VM Temurin-17.0.7+7 (17.0.7+7, mixed mode, tiered, compressed oops, compressed class ptrs, g1 gc, windows-amd64)
# No core dump will be written. Minidumps are not enabled by default on client versions of Windows
#

---------------  S U M M A R Y ------------

Command Line: -javaagent:C:\Users\usuario\eclipse\committers-2023-06\eclipse\configuration\org.eclipse.osgi\516\0\.cp\jacocoagent.jar=includes=*,excludes=,exclclassloader=sun.reflect.DelegatingClassLoader,output=tcpclient,port=64167 -Dfile.encoding=UTF-8 -XX:+ShowCodeDetailsInExceptionMessages default1.Inicio

Host: 11th Gen Intel(R) Core(TM) i3-1115G4 @ 3.00GHz, 4 cores, 7G,  Windows 11 , 64 bit Build 22000 (10.0.22000.2360)
Time: Mon Oct 23 16:11:20 2023 Hora estándar de Argentina elapsed time: 2.223176 seconds (0d 0h 0m 2s)

---------------  T H R E A D  ---------------

Current thread (0x00000201b8408460):  VMThread "VM Thread" [stack: 0x0000008c5f600000,0x0000008c5f700000] [id=17116]

Stack: [0x0000008c5f600000,0x0000008c5f700000]
Native frames: (J=compiled Java code, j=interpreted, Vv=VM code, C=native code)
V  [jvm.dll+0x67754a]
V  [jvm.dll+0x834304]
V  [jvm.dll+0x835aae]
V  [jvm.dll+0x836113]
V  [jvm.dll+0x24696f]
V  [jvm.dll+0x6743f9]
V  [jvm.dll+0x668c8a]
V  [jvm.dll+0x3061bb]
V  [jvm.dll+0x30d6a6]
V  [jvm.dll+0x35cece]
V  [jvm.dll+0x35d0ff]
V  [jvm.dll+0x2dd048]
V  [jvm.dll+0x2db20c]
V  [jvm.dll+0x2da7dc]
V  [jvm.dll+0x31ea01]
V  [jvm.dll+0x83a5bb]
V  [jvm.dll+0x83b2f4]
V  [jvm.dll+0x83b80c]
V  [jvm.dll+0x83bbe4]
V  [jvm.dll+0x83bcb0]
V  [jvm.dll+0x7e4e7a]
V  [jvm.dll+0x676395]
C  [ucrtbase.dll+0x26c0c]
C  [KERNEL32.DLL+0x153e0]
C  [ntdll.dll+0x485b]

VM_Operation (0x0000008c60efd960): G1TryInitiateConcMark, mode: safepoint, requested by thread 0x00000201bd105540


---------------  P R O C E S S  ---------------

Threads class SMR info:
_java_thread_list=0x00000201bd38eb50, length=21, elements={
0x00000201b840a9a0, 0x00000201b840b350, 0x00000201b842f6a0, 0x00000201b842ff60,
0x00000201b8457300, 0x00000201b84577d0, 0x00000201b845b970, 0x00000201b845c320,
0x00000201b845d400, 0x00000201b83a55a0, 0x00000201b890a430, 0x00000201b898e5f0,
0x00000201bd0baf40, 0x00000201bd0bb410, 0x00000201bd109450, 0x00000201bd0c3500,
0x000002019ef8bd50, 0x00000201bd1f8410, 0x00000201bd105070, 0x00000201bd105540,
0x00000201bd105a10
}

Java Threads: ( => current thread )
  0x00000201b840a9a0 JavaThread "Reference Handler" daemon [_thread_blocked, id=35752, stack(0x0000008c5f700000,0x0000008c5f800000)]
  0x00000201b840b350 JavaThread "Finalizer" daemon [_thread_blocked, id=28808, stack(0x0000008c5f800000,0x0000008c5f900000)]
  0x00000201b842f6a0 JavaThread "Signal Dispatcher" daemon [_thread_blocked, id=34856, stack(0x0000008c5f900000,0x0000008c5fa00000)]
  0x00000201b842ff60 JavaThread "Attach Listener" daemon [_thread_blocked, id=32320, stack(0x0000008c5fa00000,0x0000008c5fb00000)]
  0x00000201b8457300 JavaThread "Service Thread" daemon [_thread_blocked, id=9924, stack(0x0000008c5fb00000,0x0000008c5fc00000)]
  0x00000201b84577d0 JavaThread "Monitor Deflation Thread" daemon [_thread_blocked, id=16860, stack(0x0000008c5fc00000,0x0000008c5fd00000)]
  0x00000201b845b970 JavaThread "C2 CompilerThread0" daemon [_thread_blocked, id=29628, stack(0x0000008c5fd00000,0x0000008c5fe00000)]
  0x00000201b845c320 JavaThread "C1 CompilerThread0" daemon [_thread_blocked, id=32092, stack(0x0000008c5fe00000,0x0000008c5ff00000)]
  0x00000201b845d400 JavaThread "Sweeper thread" daemon [_thread_blocked, id=31552, stack(0x0000008c5ff00000,0x0000008c60000000)]
  0x00000201b83a55a0 JavaThread "Common-Cleaner" daemon [_thread_blocked, id=33568, stack(0x0000008c60000000,0x0000008c60100000)]
  0x00000201b890a430 JavaThread "org.jacoco.agent.rt.internal_4a7f17c.output.TcpClientOutput" daemon [_thread_in_native, id=17284, stack(0x0000008c60100000,0x0000008c60200000)]
  0x00000201b898e5f0 JavaThread "Notification Thread" daemon [_thread_blocked, id=33276, stack(0x0000008c60200000,0x0000008c60300000)]
  0x00000201bd0baf40 JavaThread "Java2D Disposer" daemon [_thread_blocked, id=13284, stack(0x0000008c60400000,0x0000008c60500000)]
  0x00000201bd0bb410 JavaThread "AWT-Shutdown" [_thread_blocked, id=34284, stack(0x0000008c60500000,0x0000008c60600000)]
  0x00000201bd109450 JavaThread "AWT-Windows" daemon [_thread_in_native, id=23860, stack(0x0000008c60600000,0x0000008c60700000)]
  0x00000201bd0c3500 JavaThread "AWT-EventQueue-0" [_thread_blocked, id=3264, stack(0x0000008c60700000,0x0000008c60800000)]
  0x000002019ef8bd50 JavaThread "DestroyJavaVM" [_thread_blocked, id=20392, stack(0x0000008c5ef00000,0x0000008c5f000000)]
  0x00000201bd1f8410 JavaThread "Image Fetcher 0" daemon [_thread_blocked, id=33208, stack(0x0000008c60800000,0x0000008c60900000)]
  0x00000201bd105070 JavaThread "Image Fetcher 1" daemon [_thread_blocked, id=16492, stack(0x0000008c60d00000,0x0000008c60e00000)]
  0x00000201bd105540 JavaThread "Image Fetcher 2" daemon [_thread_blocked, id=30164, stack(0x0000008c60e00000,0x0000008c60f00000)]
  0x00000201bd105a10 JavaThread "Image Fetcher 3" daemon [_thread_blocked, id=24172, stack(0x0000008c60f00000,0x0000008c61000000)]

Other Threads:
=>0x00000201b8408460 VMThread "VM Thread" [stack: 0x0000008c5f600000,0x0000008c5f700000] [id=17116]
  0x00000201bd057fd0 WatcherThread [stack: 0x0000008c60300000,0x0000008c60400000] [id=34272]
  0x000002019efe51f0 GCTaskThread "GC Thread#0" [stack: 0x0000008c5f100000,0x0000008c5f200000] [id=35084]
  0x00000201bd1b9d80 GCTaskThread "GC Thread#1" [stack: 0x0000008c60900000,0x0000008c60a00000] [id=35332]
  0x00000201bd1ba030 GCTaskThread "GC Thread#2" [stack: 0x0000008c60a00000,0x0000008c60b00000] [id=31356]
  0x00000201bd1ba2e0 GCTaskThread "GC Thread#3" [stack: 0x0000008c60b00000,0x0000008c60c00000] [id=4796]
  0x000002019eff6de0 ConcurrentGCThread "G1 Main Marker" [stack: 0x0000008c5f200000,0x0000008c5f300000] [id=17524]
  0x000002019eff77f0 ConcurrentGCThread "G1 Conc#0" [stack: 0x0000008c5f300000,0x0000008c5f400000] [id=33852]
  0x00000201b8262090 ConcurrentGCThread "G1 Refine#0" [stack: 0x0000008c5f400000,0x0000008c5f500000] [id=12332]
  0x00000201b8262ab0 ConcurrentGCThread "G1 Service" [stack: 0x0000008c5f500000,0x0000008c5f600000] [id=35188]

Threads with active compile tasks:

VM state: at safepoint (normal execution)

VM Mutex/Monitor currently owned by a thread:  ([mutex/lock_event])
[0x000002019ef88330] Threads_lock - owner thread: 0x00000201b8408460
[0x000002019ef86560] Heap_lock - owner thread: 0x00000201bd105540

Heap address: 0x0000000085800000, size: 1960 MB, Compressed Oops mode: 32-bit

CDS archive(s) not mapped
Compressed class space mapped at: 0x0000000100000000-0x0000000140000000, reserved size: 1073741824
Narrow klass base: 0x0000000000000000, Narrow klass shift: 3, Narrow klass range: 0x140000000

GC Precious Log:
 CPUs: 4 total, 4 available
 Memory: 7834M
 Large Page Support: Disabled
 NUMA Support: Disabled
 Compressed Oops: Enabled (32-bit)
 Heap Region Size: 1M
 Heap Min Capacity: 8M
 Heap Initial Capacity: 124M
 Heap Max Capacity: 1960M
 Pre-touch: Disabled
 Parallel Workers: 4
 Concurrent Workers: 1
 Concurrent Refinement Workers: 4
 Periodic GC: Disabled

Heap:
 garbage-first heap   total 190464K, used 83778K [0x0000000085800000, 0x0000000100000000)
  region size 1024K, 3 young (3072K), 3 survivors (3072K)
 Metaspace       used 15229K, committed 15424K, reserved 1114112K
  class space    used 1511K, committed 1600K, reserved 1048576K

Heap Regions: E=young(eden), S=young(survivor), O=old, HS=humongous(starts), HC=humongous(continues), CS=collection set, F=free, OA=open archive, CA=closed archive, TAMS=top-at-mark-start (previous, next)
|   0|0x0000000085800000, 0x0000000085900000, 0x0000000085900000|100%|HS|  |TAMS 0x0000000085900000, 0x0000000085900000| Complete 
|   1|0x0000000085900000, 0x0000000085a00000, 0x0000000085a00000|100%|HC|  |TAMS 0x0000000085a00000, 0x0000000085a00000| Complete 
|   2|0x0000000085a00000, 0x0000000085b00000, 0x0000000085b00000|100%|HC|  |TAMS 0x0000000085b00000, 0x0000000085b00000| Complete 
|   3|0x0000000085b00000, 0x0000000085c00000, 0x0000000085c00000|100%|HC|  |TAMS 0x0000000085c00000, 0x0000000085c00000| Complete 
|   4|0x0000000085c00000, 0x0000000085d00000, 0x0000000085d00000|100%|HS|  |TAMS 0x0000000085c00000, 0x0000000085d00000| Complete 
|   5|0x0000000085d00000, 0x0000000085e00000, 0x0000000085e00000|100%|HC|  |TAMS 0x0000000085d00000, 0x0000000085e00000| Complete 
|   6|0x0000000085e00000, 0x0000000085f00000, 0x0000000085f00000|100%|HS|  |TAMS 0x0000000085f00000, 0x0000000085f00000| Complete 
|   7|0x0000000085f00000, 0x0000000086000000, 0x0000000086000000|100%|HC|  |TAMS 0x0000000086000000, 0x0000000086000000| Complete 
|   8|0x0000000086000000, 0x0000000086100000, 0x0000000086100000|100%|HS|  |TAMS 0x0000000086100000, 0x0000000086100000| Complete 
|   9|0x0000000086100000, 0x0000000086200000, 0x0000000086200000|100%|HC|  |TAMS 0x0000000086200000, 0x0000000086200000| Complete 
|  10|0x0000000086200000, 0x0000000086300000, 0x0000000086300000|100%|HS|  |TAMS 0x0000000086200000, 0x0000000086300000| Complete 
|  11|0x0000000086300000, 0x0000000086400000, 0x0000000086400000|100%|HC|  |TAMS 0x0000000086300000, 0x0000000086400000| Complete 
|  12|0x0000000086400000, 0x0000000086500000, 0x0000000086500000|100%|HS|  |TAMS 0x0000000086400000, 0x0000000086500000| Complete 
|  13|0x0000000086500000, 0x0000000086600000, 0x0000000086600000|100%|HC|  |TAMS 0x0000000086500000, 0x0000000086600000| Complete 
|  14|0x0000000086600000, 0x0000000086700000, 0x0000000086700000|100%|HS|  |TAMS 0x0000000086600000, 0x0000000086700000| Complete 
|  15|0x0000000086700000, 0x0000000086800000, 0x0000000086800000|100%|HC|  |TAMS 0x0000000086700000, 0x0000000086800000| Complete 
|  16|0x0000000086800000, 0x0000000086900000, 0x0000000086900000|100%|HS|  |TAMS 0x0000000086900000, 0x0000000086900000| Complete 
|  17|0x0000000086900000, 0x0000000086a00000, 0x0000000086a00000|100%|HC|  |TAMS 0x0000000086a00000, 0x0000000086a00000| Complete 
|  18|0x0000000086a00000, 0x0000000086b00000, 0x0000000086b00000|100%|HS|  |TAMS 0x0000000086a00000, 0x0000000086b00000| Complete 
|  19|0x0000000086b00000, 0x0000000086c00000, 0x0000000086c00000|100%|HC|  |TAMS 0x0000000086b00000, 0x0000000086c00000| Complete 
|  20|0x0000000086c00000, 0x0000000086d00000, 0x0000000086d00000|100%|HS|  |TAMS 0x0000000086d00000, 0x0000000086d00000| Complete 
|  21|0x0000000086d00000, 0x0000000086e00000, 0x0000000086e00000|100%|HC|  |TAMS 0x0000000086e00000, 0x0000000086e00000| Complete 
|  22|0x0000000086e00000, 0x0000000086f00000, 0x0000000086f00000|100%|HS|  |TAMS 0x0000000086e00000, 0x0000000086f00000| Complete 
|  23|0x0000000086f00000, 0x0000000087000000, 0x0000000087000000|100%|HC|  |TAMS 0x0000000086f00000, 0x0000000087000000| Complete 
|  24|0x0000000087000000, 0x0000000087100000, 0x0000000087100000|100%|HS|  |TAMS 0x0000000087100000, 0x0000000087100000| Complete 
|  25|0x0000000087100000, 0x0000000087200000, 0x0000000087200000|100%|HC|  |TAMS 0x0000000087200000, 0x0000000087200000| Complete 
|  26|0x0000000087200000, 0x0000000087300000, 0x0000000087300000|100%|HS|  |TAMS 0x0000000087200000, 0x0000000087300000| Complete 
|  27|0x0000000087300000, 0x0000000087400000, 0x0000000087400000|100%|HC|  |TAMS 0x0000000087300000, 0x0000000087400000| Complete 
|  28|0x0000000087400000, 0x0000000087500000, 0x0000000087500000|100%|HS|  |TAMS 0x0000000087500000, 0x0000000087500000| Complete 
|  29|0x0000000087500000, 0x0000000087600000, 0x0000000087600000|100%|HC|  |TAMS 0x0000000087600000, 0x0000000087600000| Complete 
|  30|0x0000000087600000, 0x0000000087700000, 0x0000000087700000|100%|HS|  |TAMS 0x0000000087600000, 0x0000000087700000| Complete 
|  31|0x0000000087700000, 0x0000000087800000, 0x0000000087800000|100%|HC|  |TAMS 0x0000000087700000, 0x0000000087800000| Complete 
|  32|0x0000000087800000, 0x0000000087900000, 0x0000000087900000|100%|HS|  |TAMS 0x0000000087900000, 0x0000000087900000| Complete 
|  33|0x0000000087900000, 0x0000000087a00000, 0x0000000087a00000|100%|HC|  |TAMS 0x0000000087a00000, 0x0000000087a00000| Complete 
|  34|0x0000000087a00000, 0x0000000087b00000, 0x0000000087b00000|100%|HS|  |TAMS 0x0000000087a00000, 0x0000000087b00000| Complete 
|  35|0x0000000087b00000, 0x0000000087c00000, 0x0000000087c00000|100%|HC|  |TAMS 0x0000000087b00000, 0x0000000087c00000| Complete 
|  36|0x0000000087c00000, 0x0000000087d00000, 0x0000000087d00000|100%|HS|  |TAMS 0x0000000087d00000, 0x0000000087d00000| Complete 
|  37|0x0000000087d00000, 0x0000000087e00000, 0x0000000087e00000|100%|HC|  |TAMS 0x0000000087e00000, 0x0000000087e00000| Complete 
|  38|0x0000000087e00000, 0x0000000087f00000, 0x0000000087f00000|100%|HS|  |TAMS 0x0000000087e00000, 0x0000000087f00000| Complete 
|  39|0x0000000087f00000, 0x0000000088000000, 0x0000000088000000|100%|HC|  |TAMS 0x0000000087f00000, 0x0000000088000000| Complete 
|  40|0x0000000088000000, 0x0000000088100000, 0x0000000088100000|100%|HS|  |TAMS 0x0000000088100000, 0x0000000088100000| Complete 
|  41|0x0000000088100000, 0x0000000088200000, 0x0000000088200000|100%|HC|  |TAMS 0x0000000088200000, 0x0000000088200000| Complete 
|  42|0x0000000088200000, 0x0000000088300000, 0x0000000088300000|100%|HS|  |TAMS 0x0000000088200000, 0x0000000088300000| Complete 
|  43|0x0000000088300000, 0x0000000088400000, 0x0000000088400000|100%|HC|  |TAMS 0x0000000088300000, 0x0000000088400000| Complete 
|  44|0x0000000088400000, 0x0000000088500000, 0x0000000088500000|100%|HS|  |TAMS 0x0000000088500000, 0x0000000088500000| Complete 
|  45|0x0000000088500000, 0x0000000088600000, 0x0000000088600000|100%|HC|  |TAMS 0x0000000088600000, 0x0000000088600000| Complete 
|  46|0x0000000088600000, 0x0000000088700000, 0x0000000088700000|100%|HS|  |TAMS 0x0000000088600000, 0x0000000088700000| Complete 
|  47|0x0000000088700000, 0x0000000088800000, 0x0000000088800000|100%|HC|  |TAMS 0x0000000088700000, 0x0000000088800000| Complete 
|  48|0x0000000088800000, 0x0000000088900000, 0x0000000088900000|100%|HS|  |TAMS 0x0000000088900000, 0x0000000088900000| Complete 
|  49|0x0000000088900000, 0x0000000088a00000, 0x0000000088a00000|100%|HC|  |TAMS 0x0000000088a00000, 0x0000000088a00000| Complete 
|  50|0x0000000088a00000, 0x0000000088b00000, 0x0000000088b00000|100%|HS|  |TAMS 0x0000000088a00000, 0x0000000088b00000| Complete 
|  51|0x0000000088b00000, 0x0000000088c00000, 0x0000000088c00000|100%|HC|  |TAMS 0x0000000088b00000, 0x0000000088c00000| Complete 
|  52|0x0000000088c00000, 0x0000000088d00000, 0x0000000088d00000|100%|HS|  |TAMS 0x0000000088d00000, 0x0000000088d00000| Complete 
|  53|0x0000000088d00000, 0x0000000088e00000, 0x0000000088e00000|100%|HC|  |TAMS 0x0000000088e00000, 0x0000000088e00000| Complete 
|  54|0x0000000088e00000, 0x0000000088f00000, 0x0000000088f00000|100%| O|  |TAMS 0x0000000088e00000, 0x0000000088f00000| Untracked 
|  55|0x0000000088f00000, 0x0000000088f9e400, 0x0000000089000000| 61%| O|  |TAMS 0x0000000088f00000, 0x0000000088f9e400| Untracked 
|  56|0x0000000089000000, 0x0000000089100000, 0x0000000089100000|100%|HS|  |TAMS 0x0000000089000000, 0x0000000089100000| Complete 
|  57|0x0000000089100000, 0x0000000089200000, 0x0000000089200000|100%|HC|  |TAMS 0x0000000089100000, 0x0000000089200000| Complete 
|  58|0x0000000089200000, 0x0000000089300000, 0x0000000089300000|100%|HS|  |TAMS 0x0000000089200000, 0x0000000089300000| Complete 
|  59|0x0000000089300000, 0x0000000089400000, 0x0000000089400000|100%|HC|  |TAMS 0x0000000089300000, 0x0000000089400000| Complete 
|  60|0x0000000089400000, 0x0000000089500000, 0x0000000089500000|100%|HS|  |TAMS 0x0000000089400000, 0x0000000089500000| Complete 
|  61|0x0000000089500000, 0x0000000089600000, 0x0000000089600000|100%|HC|  |TAMS 0x0000000089500000, 0x0000000089600000| Complete 
|  62|0x0000000089600000, 0x0000000089700000, 0x0000000089700000|100%|HS|  |TAMS 0x0000000089600000, 0x0000000089700000| Complete 
|  63|0x0000000089700000, 0x0000000089800000, 0x0000000089800000|100%|HC|  |TAMS 0x0000000089700000, 0x0000000089800000| Complete 
|  64|0x0000000089800000, 0x0000000089900000, 0x0000000089900000|100%|HS|  |TAMS 0x0000000089800000, 0x0000000089900000| Complete 
|  65|0x0000000089900000, 0x0000000089a00000, 0x0000000089a00000|100%|HC|  |TAMS 0x0000000089900000, 0x0000000089a00000| Complete 
|  66|0x0000000089a00000, 0x0000000089b00000, 0x0000000089b00000|100%|HS|  |TAMS 0x0000000089a00000, 0x0000000089b00000| Complete 
|  67|0x0000000089b00000, 0x0000000089c00000, 0x0000000089c00000|100%|HC|  |TAMS 0x0000000089b00000, 0x0000000089c00000| Complete 
|  68|0x0000000089c00000, 0x0000000089d00000, 0x0000000089d00000|100%|HS|  |TAMS 0x0000000089c00000, 0x0000000089d00000| Complete 
|  69|0x0000000089d00000, 0x0000000089e00000, 0x0000000089e00000|100%|HC|  |TAMS 0x0000000089d00000, 0x0000000089e00000| Complete 
|  70|0x0000000089e00000, 0x0000000089f00000, 0x0000000089f00000|100%|HS|  |TAMS 0x0000000089e00000, 0x0000000089f00000| Complete 
|  71|0x0000000089f00000, 0x000000008a000000, 0x000000008a000000|100%|HC|  |TAMS 0x0000000089f00000, 0x000000008a000000| Complete 
|  72|0x000000008a000000, 0x000000008a000000, 0x000000008a100000|  0%| F|  |TAMS 0x000000008a000000, 0x000000008a000000| Untracked 
|  73|0x000000008a100000, 0x000000008a100000, 0x000000008a200000|  0%| F|  |TAMS 0x000000008a100000, 0x000000008a100000| Untracked 
|  74|0x000000008a200000, 0x000000008a300000, 0x000000008a300000|100%|HS|  |TAMS 0x000000008a200000, 0x000000008a300000| Complete 
|  75|0x000000008a300000, 0x000000008a400000, 0x000000008a400000|100%|HC|  |TAMS 0x000000008a300000, 0x000000008a400000| Complete 
|  76|0x000000008a400000, 0x000000008a500000, 0x000000008a500000|100%|HS|  |TAMS 0x000000008a400000, 0x000000008a500000| Complete 
|  77|0x000000008a500000, 0x000000008a600000, 0x000000008a600000|100%|HC|  |TAMS 0x000000008a500000, 0x000000008a600000| Complete 
|  78|0x000000008a600000, 0x000000008a700000, 0x000000008a700000|100%|HS|  |TAMS 0x000000008a600000, 0x000000008a700000| Complete 
|  79|0x000000008a700000, 0x000000008a800000, 0x000000008a800000|100%|HC|  |TAMS 0x000000008a700000, 0x000000008a800000| Complete 
|  80|0x000000008a800000, 0x000000008a900000, 0x000000008a900000|100%|HS|  |TAMS 0x000000008a800000, 0x000000008a900000| Complete 
|  81|0x000000008a900000, 0x000000008aa00000, 0x000000008aa00000|100%|HC|  |TAMS 0x000000008a900000, 0x000000008aa00000| Complete 
|  82|0x000000008aa00000, 0x000000008aa00000, 0x000000008ab00000|  0%| F|  |TAMS 0x000000008aa00000, 0x000000008aa00000| Untracked 
|  83|0x000000008ab00000, 0x000000008ab00000, 0x000000008ac00000|  0%| F|  |TAMS 0x000000008ab00000, 0x000000008ab00000| Untracked 
|  84|0x000000008ac00000, 0x000000008ac00000, 0x000000008ad00000|  0%| F|  |TAMS 0x000000008ac00000, 0x000000008ac00000| Untracked 
|  85|0x000000008ad00000, 0x000000008ad00000, 0x000000008ae00000|  0%| F|  |TAMS 0x000000008ad00000, 0x000000008ad00000| Untracked 
|  86|0x000000008ae00000, 0x000000008ae00000, 0x000000008af00000|  0%| F|  |TAMS 0x000000008ae00000, 0x000000008ae00000| Untracked 
|  87|0x000000008af00000, 0x000000008af00000, 0x000000008b000000|  0%| F|  |TAMS 0x000000008af00000, 0x000000008af00000| Untracked 
|  88|0x000000008b000000, 0x000000008b000000, 0x000000008b100000|  0%| F|  |TAMS 0x000000008b000000, 0x000000008b000000| Untracked 
|  89|0x000000008b100000, 0x000000008b100000, 0x000000008b200000|  0%| F|  |TAMS 0x000000008b100000, 0x000000008b100000| Untracked 
|  90|0x000000008b200000, 0x000000008b200000, 0x000000008b300000|  0%| F|  |TAMS 0x000000008b200000, 0x000000008b200000| Untracked 
|  91|0x000000008b300000, 0x000000008b300000, 0x000000008b400000|  0%| F|  |TAMS 0x000000008b300000, 0x000000008b300000| Untracked 
|  92|0x000000008b400000, 0x000000008b400000, 0x000000008b500000|  0%| F|  |TAMS 0x000000008b400000, 0x000000008b400000| Untracked 
|  93|0x000000008b500000, 0x000000008b500000, 0x000000008b600000|  0%| F|  |TAMS 0x000000008b500000, 0x000000008b500000| Untracked 
|  94|0x000000008b600000, 0x000000008b600000, 0x000000008b700000|  0%| F|  |TAMS 0x000000008b600000, 0x000000008b600000| Untracked 
|  95|0x000000008b700000, 0x000000008b700000, 0x000000008b800000|  0%| F|  |TAMS 0x000000008b700000, 0x000000008b700000| Untracked 
|  96|0x000000008b800000, 0x000000008b800000, 0x000000008b900000|  0%| F|  |TAMS 0x000000008b800000, 0x000000008b800000| Untracked 
|  97|0x000000008b900000, 0x000000008b900000, 0x000000008ba00000|  0%| F|  |TAMS 0x000000008b900000, 0x000000008b900000| Untracked 
|  98|0x000000008ba00000, 0x000000008ba00000, 0x000000008bb00000|  0%| F|  |TAMS 0x000000008ba00000, 0x000000008ba00000| Untracked 
|  99|0x000000008bb00000, 0x000000008bb00000, 0x000000008bc00000|  0%| F|  |TAMS 0x000000008bb00000, 0x000000008bb00000| Untracked 
| 100|0x000000008bc00000, 0x000000008bc00000, 0x000000008bd00000|  0%| F|  |TAMS 0x000000008bc00000, 0x000000008bc00000| Untracked 
| 101|0x000000008bd00000, 0x000000008bd00000, 0x000000008be00000|  0%| F|  |TAMS 0x000000008bd00000, 0x000000008bd00000| Untracked 
| 102|0x000000008be00000, 0x000000008be00000, 0x000000008bf00000|  0%| F|  |TAMS 0x000000008be00000, 0x000000008be00000| Untracked 
| 103|0x000000008bf00000, 0x000000008bf00000, 0x000000008c000000|  0%| F|  |TAMS 0x000000008bf00000, 0x000000008bf00000| Untracked 
| 104|0x000000008c000000, 0x000000008c000000, 0x000000008c100000|  0%| F|  |TAMS 0x000000008c000000, 0x000000008c000000| Untracked 
| 105|0x000000008c100000, 0x000000008c100000, 0x000000008c200000|  0%| F|  |TAMS 0x000000008c100000, 0x000000008c100000| Untracked 
| 106|0x000000008c200000, 0x000000008c200000, 0x000000008c300000|  0%| F|  |TAMS 0x000000008c200000, 0x000000008c200000| Untracked 
| 107|0x000000008c300000, 0x000000008c300000, 0x000000008c400000|  0%| F|  |TAMS 0x000000008c300000, 0x000000008c300000| Untracked 
| 108|0x000000008c400000, 0x000000008c400000, 0x000000008c500000|  0%| F|  |TAMS 0x000000008c400000, 0x000000008c400000| Untracked 
| 109|0x000000008c500000, 0x000000008c500000, 0x000000008c600000|  0%| F|  |TAMS 0x000000008c500000, 0x000000008c500000| Untracked 
| 110|0x000000008c600000, 0x000000008c600000, 0x000000008c700000|  0%| F|  |TAMS 0x000000008c600000, 0x000000008c600000| Untracked 
| 111|0x000000008c700000, 0x000000008c700000, 0x000000008c800000|  0%| F|  |TAMS 0x000000008c700000, 0x000000008c700000| Untracked 
| 112|0x000000008c800000, 0x000000008c800000, 0x000000008c900000|  0%| F|  |TAMS 0x000000008c800000, 0x000000008c800000| Untracked 
| 113|0x000000008c900000, 0x000000008c900000, 0x000000008ca00000|  0%| F|  |TAMS 0x000000008c900000, 0x000000008c900000| Untracked 
| 114|0x000000008ca00000, 0x000000008ca00000, 0x000000008cb00000|  0%| F|  |TAMS 0x000000008ca00000, 0x000000008ca00000| Untracked 
| 115|0x000000008cb00000, 0x000000008cb00000, 0x000000008cc00000|  0%| F|  |TAMS 0x000000008cb00000, 0x000000008cb00000| Untracked 
| 116|0x000000008cc00000, 0x000000008cc00000, 0x000000008cd00000|  0%| F|  |TAMS 0x000000008cc00000, 0x000000008cc00000| Untracked 
| 117|0x000000008cd00000, 0x000000008cd00000, 0x000000008ce00000|  0%| F|  |TAMS 0x000000008cd00000, 0x000000008cd00000| Untracked 
| 118|0x000000008ce00000, 0x000000008ce00000, 0x000000008cf00000|  0%| F|  |TAMS 0x000000008ce00000, 0x000000008ce00000| Untracked 
| 119|0x000000008cf00000, 0x000000008cf00000, 0x000000008d000000|  0%| F|  |TAMS 0x000000008cf00000, 0x000000008cf00000| Untracked 
| 120|0x000000008d000000, 0x000000008d000000, 0x000000008d100000|  0%| F|  |TAMS 0x000000008d000000, 0x000000008d000000| Untracked 
| 121|0x000000008d100000, 0x000000008d100000, 0x000000008d200000|  0%| F|  |TAMS 0x000000008d100000, 0x000000008d100000| Untracked 
| 122|0x000000008d200000, 0x000000008d200000, 0x000000008d300000|  0%| F|  |TAMS 0x000000008d200000, 0x000000008d200000| Untracked 
| 123|0x000000008d300000, 0x000000008d300000, 0x000000008d400000|  0%| F|  |TAMS 0x000000008d300000, 0x000000008d300000| Untracked 
| 124|0x000000008d400000, 0x000000008d400000, 0x000000008d500000|  0%| F|  |TAMS 0x000000008d400000, 0x000000008d400000| Untracked 
| 125|0x000000008d500000, 0x000000008d500000, 0x000000008d600000|  0%| F|  |TAMS 0x000000008d500000, 0x000000008d500000| Untracked 
| 126|0x000000008d600000, 0x000000008d600000, 0x000000008d700000|  0%| F|  |TAMS 0x000000008d600000, 0x000000008d600000| Untracked 
| 127|0x000000008d700000, 0x000000008d700000, 0x000000008d800000|  0%| F|  |TAMS 0x000000008d700000, 0x000000008d700000| Untracked 
| 128|0x000000008d800000, 0x000000008d800000, 0x000000008d900000|  0%| F|  |TAMS 0x000000008d800000, 0x000000008d800000| Untracked 
| 129|0x000000008d900000, 0x000000008d900000, 0x000000008da00000|  0%| F|  |TAMS 0x000000008d900000, 0x000000008d900000| Untracked 
| 130|0x000000008da00000, 0x000000008da00000, 0x000000008db00000|  0%| F|  |TAMS 0x000000008da00000, 0x000000008da00000| Untracked 
| 131|0x000000008db00000, 0x000000008db00000, 0x000000008dc00000|  0%| F|  |TAMS 0x000000008db00000, 0x000000008db00000| Untracked 
| 132|0x000000008dc00000, 0x000000008dc00000, 0x000000008dd00000|  0%| F|  |TAMS 0x000000008dc00000, 0x000000008dc00000| Untracked 
| 133|0x000000008dd00000, 0x000000008dd00000, 0x000000008de00000|  0%| F|  |TAMS 0x000000008dd00000, 0x000000008dd00000| Untracked 
| 134|0x000000008de00000, 0x000000008de00000, 0x000000008df00000|  0%| F|  |TAMS 0x000000008de00000, 0x000000008de00000| Untracked 
| 135|0x000000008df00000, 0x000000008df00000, 0x000000008e000000|  0%| F|  |TAMS 0x000000008df00000, 0x000000008df00000| Untracked 
| 136|0x000000008e000000, 0x000000008e000000, 0x000000008e100000|  0%| F|  |TAMS 0x000000008e000000, 0x000000008e000000| Untracked 
| 137|0x000000008e100000, 0x000000008e100000, 0x000000008e200000|  0%| F|  |TAMS 0x000000008e100000, 0x000000008e100000| Untracked 
| 138|0x000000008e200000, 0x000000008e200000, 0x000000008e300000|  0%| F|  |TAMS 0x000000008e200000, 0x000000008e200000| Untracked 
| 139|0x000000008e300000, 0x000000008e300000, 0x000000008e400000|  0%| F|  |TAMS 0x000000008e300000, 0x000000008e300000| Untracked 
| 140|0x000000008e400000, 0x000000008e400000, 0x000000008e500000|  0%| F|  |TAMS 0x000000008e400000, 0x000000008e400000| Untracked 
| 141|0x000000008e500000, 0x000000008e500000, 0x000000008e600000|  0%| F|  |TAMS 0x000000008e500000, 0x000000008e500000| Untracked 
| 142|0x000000008e600000, 0x000000008e600000, 0x000000008e700000|  0%| F|  |TAMS 0x000000008e600000, 0x000000008e600000| Untracked 
| 143|0x000000008e700000, 0x000000008e700000, 0x000000008e800000|  0%| F|  |TAMS 0x000000008e700000, 0x000000008e700000| Untracked 
| 144|0x000000008e800000, 0x000000008e800000, 0x000000008e900000|  0%| F|  |TAMS 0x000000008e800000, 0x000000008e800000| Untracked 
| 145|0x000000008e900000, 0x000000008e900000, 0x000000008ea00000|  0%| F|  |TAMS 0x000000008e900000, 0x000000008e900000| Untracked 
| 146|0x000000008ea00000, 0x000000008ea00000, 0x000000008eb00000|  0%| F|  |TAMS 0x000000008ea00000, 0x000000008ea00000| Untracked 
| 147|0x000000008eb00000, 0x000000008eb00000, 0x000000008ec00000|  0%| F|  |TAMS 0x000000008eb00000, 0x000000008eb00000| Untracked 
| 148|0x000000008ec00000, 0x000000008ec00000, 0x000000008ed00000|  0%| F|  |TAMS 0x000000008ec00000, 0x000000008ec00000| Untracked 
| 149|0x000000008ed00000, 0x000000008ed00000, 0x000000008ee00000|  0%| F|  |TAMS 0x000000008ed00000, 0x000000008ed00000| Untracked 
| 150|0x000000008ee00000, 0x000000008ee00000, 0x000000008ef00000|  0%| F|  |TAMS 0x000000008ee00000, 0x000000008ee00000| Untracked 
| 151|0x000000008ef00000, 0x000000008ef00000, 0x000000008f000000|  0%| F|  |TAMS 0x000000008ef00000, 0x000000008ef00000| Untracked 
| 152|0x000000008f000000, 0x000000008f000000, 0x000000008f100000|  0%| F|  |TAMS 0x000000008f000000, 0x000000008f000000| Untracked 
| 153|0x000000008f100000, 0x000000008f100000, 0x000000008f200000|  0%| F|  |TAMS 0x000000008f100000, 0x000000008f100000| Untracked 
| 154|0x000000008f200000, 0x000000008f200000, 0x000000008f300000|  0%| F|  |TAMS 0x000000008f200000, 0x000000008f200000| Untracked 
| 155|0x000000008f300000, 0x000000008f300000, 0x000000008f400000|  0%| F|  |TAMS 0x000000008f300000, 0x000000008f300000| Untracked 
| 156|0x000000008f400000, 0x000000008f400000, 0x000000008f500000|  0%| F|  |TAMS 0x000000008f400000, 0x000000008f400000| Untracked 
| 157|0x000000008f500000, 0x000000008f500000, 0x000000008f600000|  0%| F|  |TAMS 0x000000008f500000, 0x000000008f500000| Untracked 
| 158|0x000000008f600000, 0x000000008f600000, 0x000000008f700000|  0%| F|  |TAMS 0x000000008f600000, 0x000000008f600000| Untracked 
| 159|0x000000008f700000, 0x000000008f700000, 0x000000008f800000|  0%| F|  |TAMS 0x000000008f700000, 0x000000008f700000| Untracked 
| 160|0x000000008f800000, 0x000000008f800000, 0x000000008f900000|  0%| F|  |TAMS 0x000000008f800000, 0x000000008f800000| Untracked 
| 161|0x000000008f900000, 0x000000008f900000, 0x000000008fa00000|  0%| F|  |TAMS 0x000000008f900000, 0x000000008f900000| Untracked 
| 162|0x000000008fa00000, 0x000000008fa00000, 0x000000008fb00000|  0%| F|  |TAMS 0x000000008fa00000, 0x000000008fa00000| Untracked 
| 163|0x000000008fb00000, 0x000000008fb00000, 0x000000008fc00000|  0%| F|  |TAMS 0x000000008fb00000, 0x000000008fb00000| Untracked 
| 164|0x000000008fc00000, 0x000000008fc00000, 0x000000008fd00000|  0%| F|  |TAMS 0x000000008fc00000, 0x000000008fc00000| Untracked 
| 165|0x000000008fd00000, 0x000000008fd00000, 0x000000008fe00000|  0%| F|  |TAMS 0x000000008fd00000, 0x000000008fd00000| Untracked 
| 166|0x000000008fe00000, 0x000000008fe00000, 0x000000008ff00000|  0%| F|  |TAMS 0x000000008fe00000, 0x000000008fe00000| Untracked 
| 167|0x000000008ff00000, 0x000000008ff00000, 0x0000000090000000|  0%| F|  |TAMS 0x000000008ff00000, 0x000000008ff00000| Untracked 
| 168|0x0000000090000000, 0x0000000090000000, 0x0000000090100000|  0%| F|  |TAMS 0x0000000090000000, 0x0000000090000000| Untracked 
| 169|0x0000000090100000, 0x0000000090100000, 0x0000000090200000|  0%| F|  |TAMS 0x0000000090100000, 0x0000000090100000| Untracked 
| 170|0x0000000090200000, 0x0000000090200000, 0x0000000090300000|  0%| F|  |TAMS 0x0000000090200000, 0x0000000090200000| Untracked 
| 171|0x0000000090300000, 0x0000000090300000, 0x0000000090400000|  0%| F|  |TAMS 0x0000000090300000, 0x0000000090300000| Untracked 
| 172|0x0000000090400000, 0x0000000090400000, 0x0000000090500000|  0%| F|  |TAMS 0x0000000090400000, 0x0000000090400000| Untracked 
| 173|0x0000000090500000, 0x0000000090500000, 0x0000000090600000|  0%| F|  |TAMS 0x0000000090500000, 0x0000000090500000| Untracked 
| 174|0x0000000090600000, 0x0000000090600000, 0x0000000090700000|  0%| F|  |TAMS 0x0000000090600000, 0x0000000090600000| Untracked 
| 175|0x0000000090700000, 0x0000000090700000, 0x0000000090800000|  0%| F|  |TAMS 0x0000000090700000, 0x0000000090700000| Untracked 
| 176|0x0000000090800000, 0x0000000090800000, 0x0000000090900000|  0%| F|  |TAMS 0x0000000090800000, 0x0000000090800000| Untracked 
| 177|0x0000000090900000, 0x0000000090900000, 0x0000000090a00000|  0%| F|  |TAMS 0x0000000090900000, 0x0000000090900000| Untracked 
| 178|0x0000000090a00000, 0x0000000090a32640, 0x0000000090b00000| 19%| S|CS|TAMS 0x0000000090a00000, 0x0000000090a00000| Complete 
| 179|0x0000000090b00000, 0x0000000090b00000, 0x0000000090c00000|  0%| F|  |TAMS 0x0000000090b00000, 0x0000000090b00000| Untracked 
| 180|0x0000000090c00000, 0x0000000090c00000, 0x0000000090d00000|  0%| F|  |TAMS 0x0000000090c00000, 0x0000000090c00000| Untracked 
| 181|0x0000000090d00000, 0x0000000090d00000, 0x0000000090e00000|  0%| F|  |TAMS 0x0000000090d00000, 0x0000000090d00000| Untracked 
| 182|0x0000000090e00000, 0x0000000090f00000, 0x0000000090f00000|100%| S|CS|TAMS 0x0000000090e00000, 0x0000000090e00000| Complete 
| 183|0x0000000090f00000, 0x0000000091000000, 0x0000000091000000|100%| S|CS|TAMS 0x0000000090f00000, 0x0000000090f00000| Complete 
| 184|0x0000000091000000, 0x0000000091000000, 0x0000000091100000|  0%| F|  |TAMS 0x0000000091000000, 0x0000000091000000| Untracked 
| 185|0x0000000091100000, 0x0000000091100000, 0x0000000091200000|  0%| F|  |TAMS 0x0000000091100000, 0x0000000091100000| Untracked 

Card table byte_map: [0x00000201b1a30000,0x00000201b1e10000] _byte_map_base: 0x00000201b1604000

Marking Bits (Prev, Next): (CMBitMap*) 0x000002019efe6850, (CMBitMap*) 0x000002019efe6810
 Prev Bits: [0x00000201b4090000, 0x00000201b5f30000)
 Next Bits: [0x00000201b21f0000, 0x00000201b4090000)

Polling page: 0x000002019e760000

Metaspace:

Usage:
  Non-class:     13.40 MB used.
      Class:      1.48 MB used.
       Both:     14.87 MB used.

Virtual space:
  Non-class space:       64.00 MB reserved,      13.50 MB ( 21%) committed,  1 nodes.
      Class space:        1.00 GB reserved,       1.56 MB ( <1%) committed,  1 nodes.
             Both:        1.06 GB reserved,      15.06 MB (  1%) committed. 

Chunk freelists:
   Non-Class:  2.49 MB
       Class:  14.25 MB
        Both:  16.74 MB

MaxMetaspaceSize: unlimited
CompressedClassSpaceSize: 1.00 GB
Initial GC threshold: 21.00 MB
Current GC threshold: 25.00 MB
CDS: off
MetaspaceReclaimPolicy: balanced
 - commit_granule_bytes: 65536.
 - commit_granule_words: 8192.
 - virtual_space_node_default_size: 8388608.
 - enlarge_chunks_in_place: 1.
 - new_chunks_are_fully_committed: 0.
 - uncommit_free_chunks: 1.
 - use_allocation_guard: 0.
 - handle_deallocations: 1.


Internal statistics:

num_allocs_failed_limit: 0.
num_arena_births: 126.
num_arena_deaths: 0.
num_vsnodes_births: 2.
num_vsnodes_deaths: 0.
num_space_committed: 241.
num_space_uncommitted: 0.
num_chunks_returned_to_freelist: 0.
num_chunks_taken_from_freelist: 210.
num_chunk_merges: 0.
num_chunk_splits: 124.
num_chunks_enlarged: 73.
num_inconsistent_stats: 0.

CodeHeap 'non-profiled nmethods': size=120000Kb used=447Kb max_used=447Kb free=119552Kb
 bounds [0x00000201aa120000, 0x00000201aa390000, 0x00000201b1650000]
CodeHeap 'profiled nmethods': size=120000Kb used=1761Kb max_used=1761Kb free=118238Kb
 bounds [0x00000201a2650000, 0x00000201a28c0000, 0x00000201a9b80000]
CodeHeap 'non-nmethods': size=5760Kb used=1264Kb max_used=1280Kb free=4495Kb
 bounds [0x00000201a9b80000, 0x00000201a9df0000, 0x00000201aa120000]
 total_blobs=1770 nmethods=1196 adapters=487
 compilation: enabled
              stopped_count=0, restarted_count=0
 full_count=0

Compilation events (20 events):
Event: 2.195 Thread 0x00000201b845c320 1188       1       java.awt.image.DataBuffer::getOffset (5 bytes)
Event: 2.198 Thread 0x00000201b845c320 nmethod 1188 0x00000201aa18ee10 code [0x00000201aa18efa0, 0x00000201aa18f078]
Event: 2.199 Thread 0x00000201b845c320 1189       1       java.awt.image.SampleModel::getNumBands (5 bytes)
Event: 2.199 Thread 0x00000201b845c320 nmethod 1189 0x00000201aa18f110 code [0x00000201aa18f2a0, 0x00000201aa18f378]
Event: 2.199 Thread 0x00000201b845c320 1190       3       sun.java2d.pipe.Region::getIntersection (21 bytes)
Event: 2.199 Thread 0x00000201b845c320 nmethod 1190 0x00000201a2806110 code [0x00000201a28062c0, 0x00000201a2806428]
Event: 2.200 Thread 0x00000201b845c320 1191       1       java.awt.image.ColorModel::hasAlpha (5 bytes)
Event: 2.200 Thread 0x00000201b845c320 nmethod 1191 0x00000201aa18f410 code [0x00000201aa18f5a0, 0x00000201aa18f678]
Event: 2.201 Thread 0x00000201b845c320 1192  s    3       sun.awt.image.ToolkitImage::addWatcher (49 bytes)
Event: 2.201 Thread 0x00000201b845c320 nmethod 1192 0x00000201a2806510 code [0x00000201a2806720, 0x00000201a2806fe8]
Event: 2.201 Thread 0x00000201b845c320 1193       3       java.util.ArrayList::remove (26 bytes)
Event: 2.201 Thread 0x00000201b845c320 nmethod 1193 0x00000201a2807210 code [0x00000201a28073e0, 0x00000201a28076f8]
Event: 2.201 Thread 0x00000201b845c320 1194       3       java.util.ArrayList::fastRemove (44 bytes)
Event: 2.202 Thread 0x00000201b845c320 nmethod 1194 0x00000201a2807890 code [0x00000201a2807a40, 0x00000201a2807e28]
Event: 2.204 Thread 0x00000201b845c320 1195       1       java.awt.image.ColorModel::getNumComponents (5 bytes)
Event: 2.204 Thread 0x00000201b845c320 nmethod 1195 0x00000201aa18f710 code [0x00000201aa18f8a0, 0x00000201aa18f978]
Event: 2.205 Thread 0x00000201b845b970 1196       4       sun.awt.SunToolkit::getAppContext (42 bytes)
Event: 2.206 Thread 0x00000201b845b970 nmethod 1196 0x00000201aa18fa10 code [0x00000201aa18fba0, 0x00000201aa18fc78]
Event: 2.209 Thread 0x00000201b845c320 1197       3       java.security.AccessControlContext::calculateFields (89 bytes)
Event: 2.209 Thread 0x00000201b845c320 nmethod 1197 0x00000201a2807f90 code [0x00000201a2808160, 0x00000201a2808598]

GC Heap History (20 events):
Event: 1.323 GC heap after
{Heap after GC invocations=1 (full 0):
 garbage-first heap   total 126976K, used 5828K [0x0000000085800000, 0x0000000100000000)
  region size 1024K, 2 young (2048K), 2 survivors (2048K)
 Metaspace       used 12923K, committed 13120K, reserved 1114112K
  class space    used 1271K, committed 1408K, reserved 1048576K
}
Event: 1.960 GC heap before
{Heap before GC invocations=1 (full 0):
 garbage-first heap   total 126976K, used 65220K [0x0000000085800000, 0x0000000100000000)
  region size 1024K, 11 young (11264K), 2 survivors (2048K)
 Metaspace       used 15161K, committed 15360K, reserved 1114112K
  class space    used 1511K, committed 1600K, reserved 1048576K
}
Event: 1.965 GC heap after
{Heap after GC invocations=2 (full 0):
 garbage-first heap   total 126976K, used 33401K [0x0000000085800000, 0x0000000100000000)
  region size 1024K, 1 young (1024K), 1 survivors (1024K)
 Metaspace       used 15161K, committed 15360K, reserved 1114112K
  class space    used 1511K, committed 1600K, reserved 1048576K
}
Event: 2.002 GC heap before
{Heap before GC invocations=3 (full 0):
 garbage-first heap   total 126976K, used 57977K [0x0000000085800000, 0x0000000100000000)
  region size 1024K, 4 young (4096K), 1 survivors (1024K)
 Metaspace       used 15162K, committed 15360K, reserved 1114112K
  class space    used 1511K, committed 1600K, reserved 1048576K
}
Event: 2.003 GC heap after
{Heap after GC invocations=4 (full 0):
 garbage-first heap   total 126976K, used 45588K [0x0000000085800000, 0x0000000100000000)
  region size 1024K, 1 young (1024K), 1 survivors (1024K)
 Metaspace       used 15162K, committed 15360K, reserved 1114112K
  class space    used 1511K, committed 1600K, reserved 1048576K
}
Event: 2.065 GC heap before
{Heap before GC invocations=4 (full 0):
 garbage-first heap   total 126976K, used 57876K [0x0000000085800000, 0x0000000100000000)
  region size 1024K, 4 young (4096K), 1 survivors (1024K)
 Metaspace       used 15180K, committed 15424K, reserved 1114112K
  class space    used 1511K, committed 1600K, reserved 1048576K
}
Event: 2.067 GC heap after
{Heap after GC invocations=5 (full 0):
 garbage-first heap   total 126976K, used 49748K [0x0000000085800000, 0x0000000100000000)
  region size 1024K, 1 young (1024K), 1 survivors (1024K)
 Metaspace       used 15180K, committed 15424K, reserved 1114112K
  class space    used 1511K, committed 1600K, reserved 1048576K
}
Event: 2.080 GC heap before
{Heap before GC invocations=5 (full 0):
 garbage-first heap   total 126976K, used 55892K [0x0000000085800000, 0x0000000100000000)
  region size 1024K, 3 young (3072K), 1 survivors (1024K)
 Metaspace       used 15180K, committed 15424K, reserved 1114112K
  class space    used 1511K, committed 1600K, reserved 1048576K
}
Event: 2.082 GC heap after
{Heap after GC invocations=6 (full 0):
 garbage-first heap   total 126976K, used 53876K [0x0000000085800000, 0x0000000100000000)
  region size 1024K, 1 young (1024K), 1 survivors (1024K)
 Metaspace       used 15180K, committed 15424K, reserved 1114112K
  class space    used 1511K, committed 1600K, reserved 1048576K
}
Event: 2.131 GC heap before
{Heap before GC invocations=6 (full 0):
 garbage-first heap   total 126976K, used 57972K [0x0000000085800000, 0x0000000100000000)
  region size 1024K, 4 young (4096K), 1 survivors (1024K)
 Metaspace       used 15218K, committed 15424K, reserved 1114112K
  class space    used 1511K, committed 1600K, reserved 1048576K
}
Event: 2.132 GC heap after
{Heap after GC invocations=7 (full 0):
 garbage-first heap   total 126976K, used 51787K [0x0000000085800000, 0x0000000100000000)
  region size 1024K, 1 young (1024K), 1 survivors (1024K)
 Metaspace       used 15218K, committed 15424K, reserved 1114112K
  class space    used 1511K, committed 1600K, reserved 1048576K
}
Event: 2.138 GC heap before
{Heap before GC invocations=7 (full 0):
 garbage-first heap   total 126976K, used 56907K [0x0000000085800000, 0x0000000100000000)
  region size 1024K, 3 young (3072K), 1 survivors (1024K)
 Metaspace       used 15220K, committed 15424K, reserved 1114112K
  class space    used 1511K, committed 1600K, reserved 1048576K
}
Event: 2.139 GC heap after
{Heap after GC invocations=8 (full 0):
 garbage-first heap   total 190464K, used 56997K [0x0000000085800000, 0x0000000100000000)
  region size 1024K, 3 young (3072K), 3 survivors (3072K)
 Metaspace       used 15220K, committed 15424K, reserved 1114112K
  class space    used 1511K, committed 1600K, reserved 1048576K
}
Event: 2.196 GC heap before
{Heap before GC invocations=8 (full 0):
 garbage-first heap   total 190464K, used 88741K [0x0000000085800000, 0x0000000100000000)
  region size 1024K, 7 young (7168K), 3 survivors (3072K)
 Metaspace       used 15227K, committed 15424K, reserved 1114112K
  class space    used 1511K, committed 1600K, reserved 1048576K
}
Event: 2.198 GC heap after
{Heap after GC invocations=9 (full 0):
 garbage-first heap   total 190464K, used 71457K [0x0000000085800000, 0x0000000100000000)
  region size 1024K, 3 young (3072K), 3 survivors (3072K)
 Metaspace       used 15227K, committed 15424K, reserved 1114112K
  class space    used 1511K, committed 1600K, reserved 1048576K
}
Event: 2.213 GC heap before
{Heap before GC invocations=9 (full 0):
 garbage-first heap   total 190464K, used 86817K [0x0000000085800000, 0x0000000100000000)
  region size 1024K, 5 young (5120K), 3 survivors (3072K)
 Metaspace       used 15229K, committed 15424K, reserved 1114112K
  class space    used 1511K, committed 1600K, reserved 1048576K
}
Event: 2.214 GC heap after
{Heap after GC invocations=10 (full 0):
 garbage-first heap   total 190464K, used 79673K [0x0000000085800000, 0x0000000100000000)
  region size 1024K, 3 young (3072K), 3 survivors (3072K)
 Metaspace       used 15229K, committed 15424K, reserved 1114112K
  class space    used 1511K, committed 1600K, reserved 1048576K
}
Event: 2.219 GC heap before
{Heap before GC invocations=10 (full 0):
 garbage-first heap   total 190464K, used 86841K [0x0000000085800000, 0x0000000100000000)
  region size 1024K, 5 young (5120K), 3 survivors (3072K)
 Metaspace       used 15229K, committed 15424K, reserved 1114112K
  class space    used 1511K, committed 1600K, reserved 1048576K
}
Event: 2.220 GC heap after
{Heap after GC invocations=11 (full 0):
 garbage-first heap   total 190464K, used 81728K [0x0000000085800000, 0x0000000100000000)
  region size 1024K, 3 young (3072K), 3 survivors (3072K)
 Metaspace       used 15229K, committed 15424K, reserved 1114112K
  class space    used 1511K, committed 1600K, reserved 1048576K
}
Event: 2.220 GC heap before
{Heap before GC invocations=11 (full 0):
 garbage-first heap   total 190464K, used 85824K [0x0000000085800000, 0x0000000100000000)
  region size 1024K, 5 young (5120K), 3 survivors (3072K)
 Metaspace       used 15229K, committed 15424K, reserved 1114112K
  class space    used 1511K, committed 1600K, reserved 1048576K
}

Dll operation events (12 events):
Event: 0.789 Loaded shared library C:\Users\usuario\.p2\pool\plugins\org.eclipse.justj.openjdk.hotspot.jre.full.win32.x86_64_17.0.7.v20230425-1502\jre\bin\java.dll
Event: 0.939 Loaded shared library C:\Users\usuario\.p2\pool\plugins\org.eclipse.justj.openjdk.hotspot.jre.full.win32.x86_64_17.0.7.v20230425-1502\jre\bin\zip.dll
Event: 0.943 Loaded shared library C:\Users\usuario\.p2\pool\plugins\org.eclipse.justj.openjdk.hotspot.jre.full.win32.x86_64_17.0.7.v20230425-1502\jre\bin\instrument.dll
Event: 0.959 Loaded shared library C:\Users\usuario\.p2\pool\plugins\org.eclipse.justj.openjdk.hotspot.jre.full.win32.x86_64_17.0.7.v20230425-1502\jre\bin\net.dll
Event: 0.961 Loaded shared library C:\Users\usuario\.p2\pool\plugins\org.eclipse.justj.openjdk.hotspot.jre.full.win32.x86_64_17.0.7.v20230425-1502\jre\bin\nio.dll
Event: 0.969 Loaded shared library C:\Users\usuario\.p2\pool\plugins\org.eclipse.justj.openjdk.hotspot.jre.full.win32.x86_64_17.0.7.v20230425-1502\jre\bin\zip.dll
Event: 0.973 Loaded shared library C:\Users\usuario\.p2\pool\plugins\org.eclipse.justj.openjdk.hotspot.jre.full.win32.x86_64_17.0.7.v20230425-1502\jre\bin\verify.dll
Event: 1.073 Loaded shared library C:\Users\usuario\.p2\pool\plugins\org.eclipse.justj.openjdk.hotspot.jre.full.win32.x86_64_17.0.7.v20230425-1502\jre\bin\jimage.dll
Event: 1.182 Loaded shared library C:\Users\usuario\.p2\pool\plugins\org.eclipse.justj.openjdk.hotspot.jre.full.win32.x86_64_17.0.7.v20230425-1502\jre\bin\awt.dll
Event: 1.301 Loaded shared library C:\Users\usuario\.p2\pool\plugins\org.eclipse.justj.openjdk.hotspot.jre.full.win32.x86_64_17.0.7.v20230425-1502\jre\bin\javajpeg.dll
Event: 1.496 Loaded shared library C:\Users\usuario\.p2\pool\plugins\org.eclipse.justj.openjdk.hotspot.jre.full.win32.x86_64_17.0.7.v20230425-1502\jre\bin\freetype.dll
Event: 1.497 Loaded shared library C:\Users\usuario\.p2\pool\plugins\org.eclipse.justj.openjdk.hotspot.jre.full.win32.x86_64_17.0.7.v20230425-1502\jre\bin\fontmanager.dll

Deoptimization events (20 events):
Event: 1.670 Thread 0x00000201bd105540 DEOPT PACKING pc=0x00000201a2796b5c sp=0x0000008c60efe000
Event: 1.670 Thread 0x00000201bd105540 DEOPT UNPACKING pc=0x00000201a9bdace3 sp=0x0000008c60efd478 mode 0
Event: 1.671 Thread 0x00000201bd105540 DEOPT PACKING pc=0x00000201a2796b5c sp=0x0000008c60efe000
Event: 1.671 Thread 0x00000201bd105540 DEOPT UNPACKING pc=0x00000201a9bdace3 sp=0x0000008c60efd478 mode 0
Event: 1.671 Thread 0x00000201bd105540 DEOPT PACKING pc=0x00000201a2796b5c sp=0x0000008c60efe000
Event: 1.671 Thread 0x00000201bd105540 DEOPT UNPACKING pc=0x00000201a9bdace3 sp=0x0000008c60efd478 mode 0
Event: 1.672 Thread 0x00000201bd105540 DEOPT PACKING pc=0x00000201a2796b5c sp=0x0000008c60efe000
Event: 1.672 Thread 0x00000201bd105540 DEOPT UNPACKING pc=0x00000201a9bdace3 sp=0x0000008c60efd478 mode 0
Event: 1.672 Thread 0x00000201bd105540 DEOPT PACKING pc=0x00000201a2796b5c sp=0x0000008c60efe000
Event: 1.672 Thread 0x00000201bd105540 DEOPT UNPACKING pc=0x00000201a9bdace3 sp=0x0000008c60efd478 mode 0
Event: 1.703 Thread 0x00000201bd105540 DEOPT PACKING pc=0x00000201a2796a94 sp=0x0000008c60efe000
Event: 1.703 Thread 0x00000201bd105540 DEOPT UNPACKING pc=0x00000201a9bdace3 sp=0x0000008c60efd478 mode 0
Event: 1.718 Thread 0x00000201bd105070 DEOPT PACKING pc=0x00000201a2796b5c sp=0x0000008c60dfe630
Event: 1.718 Thread 0x00000201bd105070 DEOPT UNPACKING pc=0x00000201a9bdace3 sp=0x0000008c60dfdaa8 mode 0
Event: 2.085 Thread 0x00000201bd1f8410 DEOPT PACKING pc=0x00000201a276c5ac sp=0x0000008c608ff1c0
Event: 2.085 Thread 0x00000201bd1f8410 DEOPT UNPACKING pc=0x00000201a9bdace3 sp=0x0000008c608fe690 mode 0
Event: 2.085 Thread 0x00000201bd1f8410 Uncommon trap: trap_request=0xffffff45 fr.pc=0x00000201aa162630 relative=0x0000000000000310
Event: 2.085 Thread 0x00000201bd1f8410 Uncommon trap: reason=unstable_if action=reinterpret pc=0x00000201aa162630 method=sun.awt.image.ImageRepresentation.getOpaqueRGBImage()Ljava/awt/image/BufferedImage; @ 57 c2
Event: 2.085 Thread 0x00000201bd1f8410 DEOPT PACKING pc=0x00000201aa162630 sp=0x0000008c608ff200
Event: 2.085 Thread 0x00000201bd1f8410 DEOPT UNPACKING pc=0x00000201a9bda1a3 sp=0x0000008c608ff190 mode 2

Classes unloaded (0 events):
No events

Classes redefined (0 events):
No events

Internal exceptions (20 events):
Event: 1.033 Thread 0x000002019ef8bd50 Exception <a 'java/lang/NoSuchMethodError'{0x000000008d114cc8}: 'java.lang.Object java.lang.invoke.DirectMethodHandle$Holder.invokeStaticInit(java.lang.Object)'> (0x000000008d114cc8) 
thrown [s\src\hotspot\share\interpreter\linkResolver.cpp, line 759]
Event: 1.050 Thread 0x000002019ef8bd50 Exception <a 'java/lang/NoSuchMethodError'{0x000000008d1224e8}: 'void java.lang.invoke.DirectMethodHandle$Holder.invokeStatic(java.lang.Object, java.lang.Object)'> (0x000000008d1224e8) 
thrown [s\src\hotspot\share\interpreter\linkResolver.cpp, line 759]
Event: 1.066 Thread 0x000002019ef8bd50 Exception <a 'java/lang/NoSuchMethodError'{0x000000008d15b240}: 'void java.lang.invoke.DirectMethodHandle$Holder.invokeStatic(java.lang.Object, java.lang.Object, java.lang.Object)'> (0x000000008d15b240) 
thrown [s\src\hotspot\share\interpreter\linkResolver.cpp, line 759]
Event: 1.067 Thread 0x000002019ef8bd50 Exception <a 'java/lang/NoSuchMethodError'{0x000000008d161930}: 'void java.lang.invoke.DirectMethodHandle$Holder.invokeStatic(java.lang.Object, java.lang.Object, java.lang.Object, java.lang.Object)'> (0x000000008d161930) 
thrown [s\src\hotspot\share\interpreter\linkResolver.cpp, line 759]
Event: 1.176 Thread 0x000002019ef8bd50 Exception <a 'java/lang/ClassNotFoundException'{0x000000008ce8ef10}: sun/awt/resources/spi/awtProvider> (0x000000008ce8ef10) 
thrown [s\src\hotspot\share\classfile\systemDictionary.cpp, line 256]
Event: 1.192 Thread 0x000002019ef8bd50 Exception <a 'java/io/FileNotFoundException'{0x000000008ceffd48}> (0x000000008ceffd48) 
thrown [s\src\hotspot\share\prims\jni.cpp, line 516]
Event: 1.198 Thread 0x000002019ef8bd50 Exception <a 'java/io/FileNotFoundException'{0x000000008cd2f408}> (0x000000008cd2f408) 
thrown [s\src\hotspot\share\prims\jni.cpp, line 516]
Event: 1.205 Thread 0x000002019ef8bd50 Exception <a 'java/lang/NoSuchMethodError'{0x000000008cd712b8}: 'java.lang.Object java.lang.invoke.Invokers$Holder.invoke_MT(java.lang.Object, java.lang.Object, java.lang.Object, java.lang.Object, java.lang.Object)'> (0x000000008cd712b8) 
thrown [s\src\hotspot\share\interpreter\linkResolver.cpp, line 759]
Event: 1.259 Thread 0x00000201bd0c3500 Exception <a 'java/lang/NoSuchMethodError'{0x000000008cb9ea90}: 'void java.lang.invoke.DirectMethodHandle$Holder.invokeSpecial(java.lang.Object, java.lang.Object, java.lang.Object)'> (0x000000008cb9ea90) 
thrown [s\src\hotspot\share\interpreter\linkResolver.cpp, line 759]
Event: 1.265 Thread 0x00000201bd0c3500 Exception <a 'java/lang/NoSuchMethodError'{0x000000008cbef378}: 'java.lang.Object java.lang.invoke.DirectMethodHandle$Holder.newInvokeSpecial(java.lang.Object, java.lang.Object, java.lang.Object, java.lang.Object, java.lang.Object)'> (0x000000008cbef378) 
thrown [s\src\hotspot\share\interpreter\linkResolver.cpp, line 759]
Event: 1.267 Thread 0x00000201bd0c3500 Exception <a 'java/lang/NoSuchMethodError'{0x000000008cbfab40}: 'java.lang.Object java.lang.invoke.DirectMethodHandle$Holder.invokeStatic(java.lang.Object, int, java.lang.Object, java.lang.Object, java.lang.Object, java.lang.Object)'> (0x000000008cbfab40) 
thrown [s\src\hotspot\share\interpreter\linkResolver.cpp, line 759]
Event: 1.270 Thread 0x00000201bd0c3500 Exception <a 'java/lang/NoSuchMethodError'{0x000000008ca20fb0}: 'java.lang.Object java.lang.invoke.DirectMethodHandle$Holder.invokeStatic(java.lang.Object, int, java.lang.Object)'> (0x000000008ca20fb0) 
thrown [s\src\hotspot\share\interpreter\linkResolver.cpp, line 759]
Event: 1.287 Thread 0x00000201bd0c3500 Exception <a 'java/lang/ClassNotFoundException'{0x000000008caec130}: com/sun/swing/internal/plaf/metal/resources/spi/metalProvider> (0x000000008caec130) 
thrown [s\src\hotspot\share\classfile\systemDictionary.cpp, line 256]
Event: 1.287 Thread 0x00000201bd0c3500 Exception <a 'java/lang/ClassNotFoundException'{0x000000008caf4148}: com/sun/swing/internal/plaf/basic/resources/spi/basicProvider> (0x000000008caf4148) 
thrown [s\src\hotspot\share\classfile\systemDictionary.cpp, line 256]
Event: 1.302 Thread 0x00000201bd1f8410 Exception <a 'java/lang/NoSuchMethodError'{0x000000008c9985d0}: 'java.lang.Object java.lang.invoke.DirectMethodHandle$Holder.newInvokeSpecial(java.lang.Object, java.lang.Object, java.lang.Object, int, int, int, int, int)'> (0x000000008c9985d0) 
thrown [s\src\hotspot\share\interpreter\linkResolver.cpp, line 759]
Event: 1.476 Thread 0x00000201bd109450 Exception <a 'java/lang/NoSuchMethodError'{0x000000008cf0f8a0}: 'void java.lang.invoke.DirectMethodHandle$Holder.invokeVirtual(java.lang.Object, java.lang.Object)'> (0x000000008cf0f8a0) 
thrown [s\src\hotspot\share\interpreter\linkResolver.cpp, line 759]
Event: 1.492 Thread 0x00000201bd0c3500 Exception <a 'java/lang/NoSuchMethodError'{0x000000008cf7cd60}: 'void java.lang.invoke.DirectMethodHandle$Holder.invokeStaticInit(java.lang.Object)'> (0x000000008cf7cd60) 
thrown [s\src\hotspot\share\interpreter\linkResolver.cpp, line 759]
Event: 1.556 Thread 0x00000201bd1f8410 Implicit null exception at 0x00000201aa15caa0 to 0x00000201aa15e660
Event: 1.560 Thread 0x00000201bd1f8410 Implicit null exception at 0x00000201aa1554fd to 0x00000201aa155654
Event: 1.624 Thread 0x00000201bd105070 Implicit null exception at 0x00000201aa159760 to 0x00000201aa159c5c

VM Operations (20 events):
Event: 2.067 Executing VM operation: G1TryInitiateConcMark done
Event: 2.079 Executing VM operation: G1TryInitiateConcMark
Event: 2.080 Executing VM operation: G1TryInitiateConcMark done
Event: 2.080 Executing VM operation: G1TryInitiateConcMark
Event: 2.083 Executing VM operation: G1TryInitiateConcMark done
Event: 2.131 Executing VM operation: G1TryInitiateConcMark
Event: 2.132 Executing VM operation: G1TryInitiateConcMark done
Event: 2.136 Executing VM operation: G1TryInitiateConcMark
Event: 2.137 Executing VM operation: G1TryInitiateConcMark done
Event: 2.137 Executing VM operation: G1TryInitiateConcMark
Event: 2.140 Executing VM operation: G1TryInitiateConcMark done
Event: 2.195 Executing VM operation: G1TryInitiateConcMark
Event: 2.198 Executing VM operation: G1TryInitiateConcMark done
Event: 2.211 Executing VM operation: G1TryInitiateConcMark
Event: 2.212 Executing VM operation: G1TryInitiateConcMark done
Event: 2.212 Executing VM operation: G1TryInitiateConcMark
Event: 2.214 Executing VM operation: G1TryInitiateConcMark done
Event: 2.218 Executing VM operation: G1TryInitiateConcMark
Event: 2.220 Executing VM operation: G1TryInitiateConcMark done
Event: 2.220 Executing VM operation: G1TryInitiateConcMark

Events (20 events):
Event: 1.574 loading class java/util/concurrent/ForkJoinPool$ForkJoinWorkerThreadFactory done
Event: 1.574 loading class java/util/concurrent/ForkJoinPool$DefaultForkJoinWorkerThreadFactory done
Event: 1.574 loading class java/util/concurrent/ForkJoinPool$1
Event: 1.574 loading class java/util/concurrent/ForkJoinPool$1 done
Event: 1.574 loading class java/util/concurrent/ForkJoinPool$DefaultCommonPoolForkJoinWorkerThreadFactory
Event: 1.574 loading class java/util/concurrent/ForkJoinPool$DefaultCommonPoolForkJoinWorkerThreadFactory done
Event: 1.574 loading class java/util/concurrent/ForkJoinPool$WorkQueue
Event: 1.574 loading class java/util/concurrent/ForkJoinPool$WorkQueue done
Event: 1.574 loading class java/util/concurrent/ForkJoinWorkerThread
Event: 1.574 loading class java/util/concurrent/ForkJoinWorkerThread done
Event: 1.574 loading class java/applet/Applet
Event: 1.575 loading class java/awt/Panel
Event: 1.575 loading class java/awt/Panel done
Event: 1.575 loading class java/applet/Applet done
Event: 1.575 loading class java/util/concurrent/locks/AbstractQueuedSynchronizer$ExclusiveNode
Event: 1.575 loading class java/util/concurrent/locks/AbstractQueuedSynchronizer$ExclusiveNode done
Event: 1.578 Thread 0x00000201bd105070 Thread added: 0x00000201bd105070
Event: 1.623 Thread 0x00000201bd105540 Thread added: 0x00000201bd105540
Event: 1.660 Thread 0x00000201bd105a10 Thread added: 0x00000201bd105a10
Event: 1.774 Thread 0x00000201bd315a00 Thread exited: 0x00000201bd315a00


Dynamic libraries:
0x00007ff727440000 - 0x00007ff72744e000 	C:\Users\usuario\.p2\pool\plugins\org.eclipse.justj.openjdk.hotspot.jre.full.win32.x86_64_17.0.7.v20230425-1502\jre\bin\javaw.exe
0x00007fff10ea0000 - 0x00007fff110a9000 	C:\WINDOWS\SYSTEM32\ntdll.dll
0x00007fff0f890000 - 0x00007fff0f94d000 	C:\WINDOWS\System32\KERNEL32.DLL
0x00007fff0e7f0000 - 0x00007fff0eb74000 	C:\WINDOWS\System32\KERNELBASE.dll
0x00007fff0e330000 - 0x00007fff0e441000 	C:\WINDOWS\System32\ucrtbase.dll
0x00007ffef2840000 - 0x00007ffef2857000 	C:\Users\usuario\.p2\pool\plugins\org.eclipse.justj.openjdk.hotspot.jre.full.win32.x86_64_17.0.7.v20230425-1502\jre\bin\jli.dll
0x00007fff0fa00000 - 0x00007fff0fbad000 	C:\WINDOWS\System32\USER32.dll
0x00007fff0e4f0000 - 0x00007fff0e516000 	C:\WINDOWS\System32\win32u.dll
0x00007fff10600000 - 0x00007fff1062a000 	C:\WINDOWS\System32\GDI32.dll
0x00007fff0e520000 - 0x00007fff0e63e000 	C:\WINDOWS\System32\gdi32full.dll
0x00007fff0e450000 - 0x00007fff0e4ed000 	C:\WINDOWS\System32\msvcp_win.dll
0x00007ffef2750000 - 0x00007ffef2769000 	C:\Users\usuario\.p2\pool\plugins\org.eclipse.justj.openjdk.hotspot.jre.full.win32.x86_64_17.0.7.v20230425-1502\jre\bin\VCRUNTIME140.dll
0x00007ffeec140000 - 0x00007ffeec3e5000 	C:\WINDOWS\WinSxS\amd64_microsoft.windows.common-controls_6595b64144ccf1df_6.0.22000.120_none_9d947278b86cc467\COMCTL32.dll
0x00007fff10690000 - 0x00007fff10733000 	C:\WINDOWS\System32\msvcrt.dll
0x00007fff0f670000 - 0x00007fff0f6a1000 	C:\WINDOWS\System32\IMM32.DLL
0x00007ffefe740000 - 0x00007ffefe74c000 	C:\Users\usuario\.p2\pool\plugins\org.eclipse.justj.openjdk.hotspot.jre.full.win32.x86_64_17.0.7.v20230425-1502\jre\bin\vcruntime140_1.dll
0x00007ffee9a30000 - 0x00007ffee9ac1000 	C:\Users\usuario\.p2\pool\plugins\org.eclipse.justj.openjdk.hotspot.jre.full.win32.x86_64_17.0.7.v20230425-1502\jre\bin\msvcp140.dll
0x00007ffec84e0000 - 0x00007ffec9128000 	C:\Users\usuario\.p2\pool\plugins\org.eclipse.justj.openjdk.hotspot.jre.full.win32.x86_64_17.0.7.v20230425-1502\jre\bin\server\jvm.dll
0x00007fff0fbb0000 - 0x00007fff0fc5e000 	C:\WINDOWS\System32\ADVAPI32.dll
0x00007fff0ed90000 - 0x00007fff0ee2e000 	C:\WINDOWS\System32\sechost.dll
0x00007fff0f6b0000 - 0x00007fff0f7d1000 	C:\WINDOWS\System32\RPCRT4.dll
0x00007fff0ab70000 - 0x00007fff0ab79000 	C:\WINDOWS\SYSTEM32\WSOCK32.dll
0x00007fff0fd10000 - 0x00007fff0fd7f000 	C:\WINDOWS\System32\WS2_32.dll
0x00007fff03720000 - 0x00007fff03753000 	C:\WINDOWS\SYSTEM32\WINMM.dll
0x00007fff035b0000 - 0x00007fff035ba000 	C:\WINDOWS\SYSTEM32\VERSION.dll
0x00007fff0d400000 - 0x00007fff0d418000 	C:\WINDOWS\SYSTEM32\kernel.appcore.dll
0x00007fff03790000 - 0x00007fff0379a000 	C:\Users\usuario\.p2\pool\plugins\org.eclipse.justj.openjdk.hotspot.jre.full.win32.x86_64_17.0.7.v20230425-1502\jre\bin\jimage.dll
0x00007fff0be30000 - 0x00007fff0c051000 	C:\WINDOWS\SYSTEM32\DBGHELP.DLL
0x00007ffeec3f0000 - 0x00007ffeec421000 	C:\WINDOWS\SYSTEM32\dbgcore.DLL
0x00007fff0e640000 - 0x00007fff0e6bf000 	C:\WINDOWS\System32\bcryptPrimitives.dll
0x00007fff0a6a0000 - 0x00007fff0a6ae000 	C:\Users\usuario\.p2\pool\plugins\org.eclipse.justj.openjdk.hotspot.jre.full.win32.x86_64_17.0.7.v20230425-1502\jre\bin\instrument.dll
0x00007ffef2f30000 - 0x00007ffef2f55000 	C:\Users\usuario\.p2\pool\plugins\org.eclipse.justj.openjdk.hotspot.jre.full.win32.x86_64_17.0.7.v20230425-1502\jre\bin\java.dll
0x00007fff03760000 - 0x00007fff03778000 	C:\Users\usuario\.p2\pool\plugins\org.eclipse.justj.openjdk.hotspot.jre.full.win32.x86_64_17.0.7.v20230425-1502\jre\bin\zip.dll
0x00007fff0ee30000 - 0x00007fff0f5f5000 	C:\WINDOWS\System32\SHELL32.dll
0x00007fff0c3c0000 - 0x00007fff0cc22000 	C:\WINDOWS\SYSTEM32\windows.storage.dll
0x00007fff10ae0000 - 0x00007fff10e56000 	C:\WINDOWS\System32\combase.dll
0x00007fff0c250000 - 0x00007fff0c3b7000 	C:\WINDOWS\SYSTEM32\wintypes.dll
0x00007fff0fe70000 - 0x00007fff0ff5a000 	C:\WINDOWS\System32\SHCORE.dll
0x00007fff10630000 - 0x00007fff1068d000 	C:\WINDOWS\System32\shlwapi.dll
0x00007fff0e260000 - 0x00007fff0e285000 	C:\WINDOWS\SYSTEM32\profapi.dll
0x00007ffef26d0000 - 0x00007ffef26e9000 	C:\Users\usuario\.p2\pool\plugins\org.eclipse.justj.openjdk.hotspot.jre.full.win32.x86_64_17.0.7.v20230425-1502\jre\bin\net.dll
0x00007fff022d0000 - 0x00007fff023e4000 	C:\WINDOWS\SYSTEM32\WINHTTP.dll
0x00007fff0d940000 - 0x00007fff0d9a7000 	C:\WINDOWS\system32\mswsock.dll
0x00007ffef1b20000 - 0x00007ffef1b35000 	C:\Users\usuario\.p2\pool\plugins\org.eclipse.justj.openjdk.hotspot.jre.full.win32.x86_64_17.0.7.v20230425-1502\jre\bin\nio.dll
0x00007ffef51b0000 - 0x00007ffef51c0000 	C:\Users\usuario\.p2\pool\plugins\org.eclipse.justj.openjdk.hotspot.jre.full.win32.x86_64_17.0.7.v20230425-1502\jre\bin\verify.dll
0x00007fff00630000 - 0x00007fff00647000 	C:\WINDOWS\system32\napinsp.dll
0x00007fff00570000 - 0x00007fff0058b000 	C:\WINDOWS\system32\pnrpnsp.dll
0x00007fff0cfc0000 - 0x00007fff0d0a7000 	C:\WINDOWS\SYSTEM32\DNSAPI.dll
0x00007fff0cf90000 - 0x00007fff0cfbd000 	C:\WINDOWS\SYSTEM32\IPHLPAPI.DLL
0x00007fff0fc80000 - 0x00007fff0fc89000 	C:\WINDOWS\System32\NSI.dll
0x00007ffefe700000 - 0x00007ffefe712000 	C:\WINDOWS\System32\winrnr.dll
0x00007fff00aa0000 - 0x00007fff00ab5000 	C:\WINDOWS\system32\wshbth.dll
0x00007ffee4e50000 - 0x00007ffee4e6f000 	C:\WINDOWS\system32\nlansp_c.dll
0x00007fff023f0000 - 0x00007fff023fa000 	C:\Windows\System32\rasadhlp.dll
0x00007fff00760000 - 0x00007fff007e2000 	C:\WINDOWS\System32\fwpuclnt.dll
0x00007ffefe350000 - 0x00007ffefe369000 	C:\WINDOWS\SYSTEM32\dhcpcsvc6.DLL
0x00007fff02110000 - 0x00007fff0212e000 	C:\WINDOWS\SYSTEM32\dhcpcsvc.DLL
0x00007ffee3670000 - 0x00007ffee37fe000 	C:\Users\usuario\.p2\pool\plugins\org.eclipse.justj.openjdk.hotspot.jre.full.win32.x86_64_17.0.7.v20230425-1502\jre\bin\awt.dll
0x00007fff10740000 - 0x00007fff10816000 	C:\WINDOWS\System32\OLEAUT32.dll
0x00007fff0b320000 - 0x00007fff0b3b2000 	C:\WINDOWS\SYSTEM32\apphelp.dll
0x00007fff0b4c0000 - 0x00007fff0b56c000 	C:\WINDOWS\system32\uxtheme.dll
0x00007fff10820000 - 0x00007fff1093d000 	C:\WINDOWS\System32\MSCTF.dll
0x00007fff10940000 - 0x00007fff10ada000 	C:\WINDOWS\System32\ole32.dll
0x00007fff0b8f0000 - 0x00007fff0b91f000 	C:\WINDOWS\system32\DWMAPI.DLL
0x00007ffed4360000 - 0x00007ffed4461000 	C:\WINDOWS\system32\opengl32.dll
0x00007ffed5b40000 - 0x00007ffed5b6d000 	C:\WINDOWS\SYSTEM32\GLU32.dll
0x00007fff0b5d0000 - 0x00007fff0b608000 	C:\WINDOWS\SYSTEM32\dxcore.dll
0x00007ffee8660000 - 0x00007ffee868d000 	C:\Users\usuario\.p2\pool\plugins\org.eclipse.justj.openjdk.hotspot.jre.full.win32.x86_64_17.0.7.v20230425-1502\jre\bin\javajpeg.dll
0x00007ffee8720000 - 0x00007ffee87a6000 	C:\Users\usuario\.p2\pool\plugins\org.eclipse.justj.openjdk.hotspot.jre.full.win32.x86_64_17.0.7.v20230425-1502\jre\bin\freetype.dll
0x00007ffee35a0000 - 0x00007ffee3665000 	C:\Users\usuario\.p2\pool\plugins\org.eclipse.justj.openjdk.hotspot.jre.full.win32.x86_64_17.0.7.v20230425-1502\jre\bin\fontmanager.dll
0x00007ffeeaed0000 - 0x00007ffeeaffc000 	C:\WINDOWS\SYSTEM32\textinputframework.dll

dbghelp: loaded successfully - version: 4.0.5 - missing functions: none
symbol engine: initialized successfully - sym options: 0x614 - pdb path: .;C:\Users\usuario\.p2\pool\plugins\org.eclipse.justj.openjdk.hotspot.jre.full.win32.x86_64_17.0.7.v20230425-1502\jre\bin;C:\WINDOWS\SYSTEM32;C:\WINDOWS\WinSxS\amd64_microsoft.windows.common-controls_6595b64144ccf1df_6.0.22000.120_none_9d947278b86cc467;C:\Users\usuario\.p2\pool\plugins\org.eclipse.justj.openjdk.hotspot.jre.full.win32.x86_64_17.0.7.v20230425-1502\jre\bin\server

VM Arguments:
jvm_args: -javaagent:C:\Users\usuario\eclipse\committers-2023-06\eclipse\configuration\org.eclipse.osgi\516\0\.cp\jacocoagent.jar=includes=*,excludes=,exclclassloader=sun.reflect.DelegatingClassLoader,output=tcpclient,port=64167 -Dfile.encoding=UTF-8 -XX:+ShowCodeDetailsInExceptionMessages 
java_command: default1.Inicio
java_class_path (initial): C:\Users\usuario\eclipse-workspace\ARKANOID\bin
Launcher Type: SUN_STANDARD

[Global flags]
     intx CICompilerCount                          = 3                                         {product} {ergonomic}
     uint ConcGCThreads                            = 1                                         {product} {ergonomic}
     uint G1ConcRefinementThreads                  = 4                                         {product} {ergonomic}
   size_t G1HeapRegionSize                         = 1048576                                   {product} {ergonomic}
    uintx GCDrainStackTargetSize                   = 64                                        {product} {ergonomic}
   size_t InitialHeapSize                          = 130023424                                 {product} {ergonomic}
   size_t MarkStackSize                            = 4194304                                   {product} {ergonomic}
   size_t MaxHeapSize                              = 2055208960                                {product} {ergonomic}
   size_t MaxNewSize                               = 1233125376                                {product} {ergonomic}
   size_t MinHeapDeltaBytes                        = 1048576                                   {product} {ergonomic}
   size_t MinHeapSize                              = 8388608                                   {product} {ergonomic}
    uintx NonNMethodCodeHeapSize                   = 5832780                                {pd product} {ergonomic}
    uintx NonProfiledCodeHeapSize                  = 122912730                              {pd product} {ergonomic}
    uintx ProfiledCodeHeapSize                     = 122912730                              {pd product} {ergonomic}
    uintx ReservedCodeCacheSize                    = 251658240                              {pd product} {ergonomic}
     bool SegmentedCodeCache                       = true                                      {product} {ergonomic}
     bool ShowCodeDetailsInExceptionMessages       = true                                   {manageable} {command line}
   size_t SoftMaxHeapSize                          = 2055208960                             {manageable} {ergonomic}
     bool UseCompressedClassPointers               = true                           {product lp64_product} {ergonomic}
     bool UseCompressedOops                        = true                           {product lp64_product} {ergonomic}
     bool UseG1GC                                  = true                                      {product} {ergonomic}
     bool UseLargePagesIndividualAllocation        = false                                  {pd product} {ergonomic}

Logging:
Log output configuration:
 #0: stdout all=warning uptime,level,tags
 #1: stderr all=off uptime,level,tags

Environment Variables:
PATH=C:/Users/usuario/.p2/pool/plugins/org.eclipse.justj.openjdk.hotspot.jre.full.win32.x86_64_17.0.7.v20230425-1502/jre/bin/server;C:/Users/usuario/.p2/pool/plugins/org.eclipse.justj.openjdk.hotspot.jre.full.win32.x86_64_17.0.7.v20230425-1502/jre/bin;C:\Program Files\Common Files\Oracle\Java\javapath;C:\WINDOWS\system32;C:\WINDOWS;C:\WINDOWS\System32\Wbem;C:\WINDOWS\System32\WindowsPowerShell\v1.0\;C:\WINDOWS\System32\OpenSSH\;C:\Users\usuario\AppData\Local\Microsoft\WindowsApps;C:\Program Files (x86)\Brackets\;C:\Users\usuario\AppData\Local\Programs\Microsoft VS Code\bin;C:\Windows;
USERNAME=usuario
OS=Windows_NT
PROCESSOR_IDENTIFIER=Intel64 Family 6 Model 140 Stepping 1, GenuineIntel
TMP=C:\Users\usuario\AppData\Local\Temp
TEMP=C:\Users\usuario\AppData\Local\Temp



---------------  S Y S T E M  ---------------

OS:
 Windows 11 , 64 bit Build 22000 (10.0.22000.2360)
OS uptime: 12 days 9:11 hours
Hyper-V role detected

CPU: total 4 (initial active 4) (2 cores per cpu, 2 threads per core) family 6 model 140 stepping 1 microcode 0x9a, cx8, cmov, fxsr, ht, mmx, 3dnowpref, sse, sse2, sse3, ssse3, sse4.1, sse4.2, popcnt, lzcnt, tsc, tscinvbit, avx, avx2, aes, erms, clmul, bmi1, bmi2, adx, avx512f, avx512dq, avx512cd, avx512bw, avx512vl, sha, fma, vzeroupper, avx512_vpopcntdq, avx512_vpclmulqdq, avx512_vaes, avx512_vnni, clflush, clflushopt, clwb, avx512_vbmi2, avx512_vbmi, hv

Memory: 4k page, system-wide physical 7834M (1243M free)
TotalPageFile size 31386M (AvailPageFile size 69M)
current process WorkingSet (physical memory assigned to process): 171M, peak: 171M
current process commit charge ("private bytes"): 288M, peak: 473M

vm_info: OpenJDK 64-Bit Server VM (17.0.7+7) for windows-amd64 JRE (17.0.7+7), built on Apr 18 2023 22:10:42 by "temurin" with MS VC++ 16.7 (VS2019)

END.
